CRITICAL - 2023-10-25 02:09:53 --> Creation of dynamic property App\Controllers\Dashboard::$menuModel is deprecated
#0 C:\xampp\htdocs\cafein\app\Controllers\Dashboard.php(14): CodeIgniter\Debug\Exceptions->errorHandler(8192, 'Creation of dyn...', 'C:\\xampp\\htdocs...', 14)
#1 C:\xampp\htdocs\cafein\system\CodeIgniter.php(801): App\Controllers\Dashboard->__construct()
#2 C:\xampp\htdocs\cafein\system\CodeIgniter.php(401): CodeIgniter\CodeIgniter->createController()
#3 C:\xampp\htdocs\cafein\system\CodeIgniter.php(318): CodeIgniter\CodeIgniter->handleRequest(NULL, Object(Config\Cache), false)
#4 C:\xampp\htdocs\cafein\index.php(37): CodeIgniter\CodeIgniter->run()
#5 {main}
CRITICAL - 2023-10-25 02:33:48 --> Creation of dynamic property App\Controllers\Antrian::$menuModel is deprecated
#0 C:\xampp\htdocs\cafein\app\Controllers\Antrian.php(13): CodeIgniter\Debug\Exceptions->errorHandler(8192, 'Creation of dyn...', 'C:\\xampp\\htdocs...', 13)
#1 C:\xampp\htdocs\cafein\system\CodeIgniter.php(801): App\Controllers\Antrian->__construct()
#2 C:\xampp\htdocs\cafein\system\CodeIgniter.php(401): CodeIgniter\CodeIgniter->createController()
#3 C:\xampp\htdocs\cafein\system\CodeIgniter.php(318): CodeIgniter\CodeIgniter->handleRequest(NULL, Object(Config\Cache), false)
#4 C:\xampp\htdocs\cafein\index.php(37): CodeIgniter\CodeIgniter->run()
#5 {main}
CRITICAL - 2023-10-25 02:34:21 --> number_format(): Passing null to parameter #1 ($num) of type float is deprecated
#0 [internal function]: CodeIgniter\Debug\Exceptions->errorHandler(8192, 'number_format()...', 'C:\\xampp\\htdocs...', 934)
#1 C:\xampp\htdocs\cafein\system\Database\BaseConnection.php(934): number_format(NULL, 6)
#2 C:\xampp\htdocs\cafein\system\Debug\Toolbar\Collectors\Database.php(111): CodeIgniter\Database\BaseConnection->getConnectDuration()
#3 C:\xampp\htdocs\cafein\system\Debug\Toolbar\Collectors\BaseCollector.php(115): CodeIgniter\Debug\Toolbar\Collectors\Database->formatTimelineData()
#4 C:\xampp\htdocs\cafein\system\Debug\Toolbar\Collectors\BaseCollector.php(231): CodeIgniter\Debug\Toolbar\Collectors\BaseCollector->timelineData()
#5 C:\xampp\htdocs\cafein\system\Debug\Toolbar.php(90): CodeIgniter\Debug\Toolbar\Collectors\BaseCollector->getAsArray()
#6 C:\xampp\htdocs\cafein\system\Debug\Toolbar.php(363): CodeIgniter\Debug\Toolbar->run(1698219261.7826, 0.0417, Object(CodeIgniter\HTTP\IncomingRequest), Object(CodeIgniter\HTTP\RedirectResponse))
#7 C:\xampp\htdocs\cafein\system\Filters\DebugToolbar.php(40): CodeIgniter\Debug\Toolbar->prepare(Object(CodeIgniter\HTTP\IncomingRequest), Object(CodeIgniter\HTTP\RedirectResponse))
#8 C:\xampp\htdocs\cafein\system\Filters\Filters.php(196): CodeIgniter\Filters\DebugToolbar->after(Object(CodeIgniter\HTTP\IncomingRequest), Object(CodeIgniter\HTTP\RedirectResponse), NULL)
#9 C:\xampp\htdocs\cafein\system\CodeIgniter.php(427): CodeIgniter\Filters\Filters->run('/', 'after')
#10 C:\xampp\htdocs\cafein\system\CodeIgniter.php(318): CodeIgniter\CodeIgniter->handleRequest(NULL, Object(Config\Cache), false)
#11 C:\xampp\htdocs\cafein\index.php(37): CodeIgniter\CodeIgniter->run()
#12 {main}
CRITICAL - 2023-10-25 02:34:31 --> number_format(): Passing null to parameter #1 ($num) of type float is deprecated
#0 [internal function]: CodeIgniter\Debug\Exceptions->errorHandler(8192, 'number_format()...', 'C:\\xampp\\htdocs...', 934)
#1 C:\xampp\htdocs\cafein\system\Database\BaseConnection.php(934): number_format(NULL, 6)
#2 C:\xampp\htdocs\cafein\system\Debug\Toolbar\Collectors\Database.php(111): CodeIgniter\Database\BaseConnection->getConnectDuration()
#3 C:\xampp\htdocs\cafein\system\Debug\Toolbar\Collectors\BaseCollector.php(115): CodeIgniter\Debug\Toolbar\Collectors\Database->formatTimelineData()
#4 C:\xampp\htdocs\cafein\system\Debug\Toolbar\Collectors\BaseCollector.php(231): CodeIgniter\Debug\Toolbar\Collectors\BaseCollector->timelineData()
#5 C:\xampp\htdocs\cafein\system\Debug\Toolbar.php(90): CodeIgniter\Debug\Toolbar\Collectors\BaseCollector->getAsArray()
#6 C:\xampp\htdocs\cafein\system\Debug\Toolbar.php(363): CodeIgniter\Debug\Toolbar->run(1698219271.1568, 0.045, Object(CodeIgniter\HTTP\IncomingRequest), Object(CodeIgniter\HTTP\RedirectResponse))
#7 C:\xampp\htdocs\cafein\system\Filters\DebugToolbar.php(40): CodeIgniter\Debug\Toolbar->prepare(Object(CodeIgniter\HTTP\IncomingRequest), Object(CodeIgniter\HTTP\RedirectResponse))
#8 C:\xampp\htdocs\cafein\system\Filters\Filters.php(196): CodeIgniter\Filters\DebugToolbar->after(Object(CodeIgniter\HTTP\IncomingRequest), Object(CodeIgniter\HTTP\RedirectResponse), NULL)
#9 C:\xampp\htdocs\cafein\system\CodeIgniter.php(427): CodeIgniter\Filters\Filters->run('/', 'after')
#10 C:\xampp\htdocs\cafein\system\CodeIgniter.php(318): CodeIgniter\CodeIgniter->handleRequest(NULL, Object(Config\Cache), false)
#11 C:\xampp\htdocs\cafein\index.php(37): CodeIgniter\CodeIgniter->run()
#12 {main}
CRITICAL - 2023-10-25 02:34:36 --> number_format(): Passing null to parameter #1 ($num) of type float is deprecated
#0 [internal function]: CodeIgniter\Debug\Exceptions->errorHandler(8192, 'number_format()...', 'C:\\xampp\\htdocs...', 934)
#1 C:\xampp\htdocs\cafein\system\Database\BaseConnection.php(934): number_format(NULL, 6)
#2 C:\xampp\htdocs\cafein\system\Debug\Toolbar\Collectors\Database.php(111): CodeIgniter\Database\BaseConnection->getConnectDuration()
#3 C:\xampp\htdocs\cafein\system\Debug\Toolbar\Collectors\BaseCollector.php(115): CodeIgniter\Debug\Toolbar\Collectors\Database->formatTimelineData()
#4 C:\xampp\htdocs\cafein\system\Debug\Toolbar\Collectors\BaseCollector.php(231): CodeIgniter\Debug\Toolbar\Collectors\BaseCollector->timelineData()
#5 C:\xampp\htdocs\cafein\system\Debug\Toolbar.php(90): CodeIgniter\Debug\Toolbar\Collectors\BaseCollector->getAsArray()
#6 C:\xampp\htdocs\cafein\system\Debug\Toolbar.php(363): CodeIgniter\Debug\Toolbar->run(1698219276.0215, 0.04, Object(CodeIgniter\HTTP\IncomingRequest), Object(CodeIgniter\HTTP\RedirectResponse))
#7 C:\xampp\htdocs\cafein\system\Filters\DebugToolbar.php(40): CodeIgniter\Debug\Toolbar->prepare(Object(CodeIgniter\HTTP\IncomingRequest), Object(CodeIgniter\HTTP\RedirectResponse))
#8 C:\xampp\htdocs\cafein\system\Filters\Filters.php(196): CodeIgniter\Filters\DebugToolbar->after(Object(CodeIgniter\HTTP\IncomingRequest), Object(CodeIgniter\HTTP\RedirectResponse), NULL)
#9 C:\xampp\htdocs\cafein\system\CodeIgniter.php(427): CodeIgniter\Filters\Filters->run('/', 'after')
#10 C:\xampp\htdocs\cafein\system\CodeIgniter.php(318): CodeIgniter\CodeIgniter->handleRequest(NULL, Object(Config\Cache), false)
#11 C:\xampp\htdocs\cafein\index.php(37): CodeIgniter\CodeIgniter->run()
#12 {main}
CRITICAL - 2023-10-25 02:35:06 --> number_format(): Passing null to parameter #1 ($num) of type float is deprecated
#0 [internal function]: CodeIgniter\Debug\Exceptions->errorHandler(8192, 'number_format()...', 'C:\\xampp\\htdocs...', 934)
#1 C:\xampp\htdocs\cafein\system\Database\BaseConnection.php(934): number_format(NULL, 6)
#2 C:\xampp\htdocs\cafein\system\Debug\Toolbar\Collectors\Database.php(111): CodeIgniter\Database\BaseConnection->getConnectDuration()
#3 C:\xampp\htdocs\cafein\system\Debug\Toolbar\Collectors\BaseCollector.php(115): CodeIgniter\Debug\Toolbar\Collectors\Database->formatTimelineData()
#4 C:\xampp\htdocs\cafein\system\Debug\Toolbar\Collectors\BaseCollector.php(231): CodeIgniter\Debug\Toolbar\Collectors\BaseCollector->timelineData()
#5 C:\xampp\htdocs\cafein\system\Debug\Toolbar.php(90): CodeIgniter\Debug\Toolbar\Collectors\BaseCollector->getAsArray()
#6 C:\xampp\htdocs\cafein\system\Debug\Toolbar.php(363): CodeIgniter\Debug\Toolbar->run(1698219306.8889, 0.0437, Object(CodeIgniter\HTTP\IncomingRequest), Object(CodeIgniter\HTTP\RedirectResponse))
#7 C:\xampp\htdocs\cafein\system\Filters\DebugToolbar.php(40): CodeIgniter\Debug\Toolbar->prepare(Object(CodeIgniter\HTTP\IncomingRequest), Object(CodeIgniter\HTTP\RedirectResponse))
#8 C:\xampp\htdocs\cafein\system\Filters\Filters.php(196): CodeIgniter\Filters\DebugToolbar->after(Object(CodeIgniter\HTTP\IncomingRequest), Object(CodeIgniter\HTTP\RedirectResponse), NULL)
#9 C:\xampp\htdocs\cafein\system\CodeIgniter.php(427): CodeIgniter\Filters\Filters->run('/', 'after')
#10 C:\xampp\htdocs\cafein\system\CodeIgniter.php(318): CodeIgniter\CodeIgniter->handleRequest(NULL, Object(Config\Cache), false)
#11 C:\xampp\htdocs\cafein\index.php(37): CodeIgniter\CodeIgniter->run()
#12 {main}
CRITICAL - 2023-10-25 02:41:54 --> number_format(): Passing null to parameter #1 ($num) of type float is deprecated
#0 [internal function]: CodeIgniter\Debug\Exceptions->errorHandler(8192, 'number_format()...', 'C:\\xampp\\htdocs...', 934)
#1 C:\xampp\htdocs\cafein\system\Database\BaseConnection.php(934): number_format(NULL, 6)
#2 C:\xampp\htdocs\cafein\system\Debug\Toolbar\Collectors\Database.php(111): CodeIgniter\Database\BaseConnection->getConnectDuration()
#3 C:\xampp\htdocs\cafein\system\Debug\Toolbar\Collectors\BaseCollector.php(115): CodeIgniter\Debug\Toolbar\Collectors\Database->formatTimelineData()
#4 C:\xampp\htdocs\cafein\system\Debug\Toolbar\Collectors\BaseCollector.php(231): CodeIgniter\Debug\Toolbar\Collectors\BaseCollector->timelineData()
#5 C:\xampp\htdocs\cafein\system\Debug\Toolbar.php(90): CodeIgniter\Debug\Toolbar\Collectors\BaseCollector->getAsArray()
#6 C:\xampp\htdocs\cafein\system\Debug\Toolbar.php(363): CodeIgniter\Debug\Toolbar->run(1698219714.1912, 0.0408, Object(CodeIgniter\HTTP\IncomingRequest), Object(CodeIgniter\HTTP\RedirectResponse))
#7 C:\xampp\htdocs\cafein\system\Filters\DebugToolbar.php(40): CodeIgniter\Debug\Toolbar->prepare(Object(CodeIgniter\HTTP\IncomingRequest), Object(CodeIgniter\HTTP\RedirectResponse))
#8 C:\xampp\htdocs\cafein\system\Filters\Filters.php(196): CodeIgniter\Filters\DebugToolbar->after(Object(CodeIgniter\HTTP\IncomingRequest), Object(CodeIgniter\HTTP\RedirectResponse), NULL)
#9 C:\xampp\htdocs\cafein\system\CodeIgniter.php(427): CodeIgniter\Filters\Filters->run('/', 'after')
#10 C:\xampp\htdocs\cafein\system\CodeIgniter.php(318): CodeIgniter\CodeIgniter->handleRequest(NULL, Object(Config\Cache), false)
#11 C:\xampp\htdocs\cafein\index.php(37): CodeIgniter\CodeIgniter->run()
#12 {main}
CRITICAL - 2023-10-25 02:41:54 --> number_format(): Passing null to parameter #1 ($num) of type float is deprecated
#0 [internal function]: CodeIgniter\Debug\Exceptions->errorHandler(8192, 'number_format()...', 'C:\\xampp\\htdocs...', 934)
#1 C:\xampp\htdocs\cafein\system\Database\BaseConnection.php(934): number_format(NULL, 6)
#2 C:\xampp\htdocs\cafein\system\Debug\Toolbar\Collectors\Database.php(111): CodeIgniter\Database\BaseConnection->getConnectDuration()
#3 C:\xampp\htdocs\cafein\system\Debug\Toolbar\Collectors\BaseCollector.php(115): CodeIgniter\Debug\Toolbar\Collectors\Database->formatTimelineData()
#4 C:\xampp\htdocs\cafein\system\Debug\Toolbar\Collectors\BaseCollector.php(231): CodeIgniter\Debug\Toolbar\Collectors\BaseCollector->timelineData()
#5 C:\xampp\htdocs\cafein\system\Debug\Toolbar.php(90): CodeIgniter\Debug\Toolbar\Collectors\BaseCollector->getAsArray()
#6 C:\xampp\htdocs\cafein\system\Debug\Toolbar.php(363): CodeIgniter\Debug\Toolbar->run(1698219714.8655, 0.0395, Object(CodeIgniter\HTTP\IncomingRequest), Object(CodeIgniter\HTTP\RedirectResponse))
#7 C:\xampp\htdocs\cafein\system\Filters\DebugToolbar.php(40): CodeIgniter\Debug\Toolbar->prepare(Object(CodeIgniter\HTTP\IncomingRequest), Object(CodeIgniter\HTTP\RedirectResponse))
#8 C:\xampp\htdocs\cafein\system\Filters\Filters.php(196): CodeIgniter\Filters\DebugToolbar->after(Object(CodeIgniter\HTTP\IncomingRequest), Object(CodeIgniter\HTTP\RedirectResponse), NULL)
#9 C:\xampp\htdocs\cafein\system\CodeIgniter.php(427): CodeIgniter\Filters\Filters->run('/', 'after')
#10 C:\xampp\htdocs\cafein\system\CodeIgniter.php(318): CodeIgniter\CodeIgniter->handleRequest(NULL, Object(Config\Cache), false)
#11 C:\xampp\htdocs\cafein\index.php(37): CodeIgniter\CodeIgniter->run()
#12 {main}
CRITICAL - 2023-10-25 02:41:55 --> number_format(): Passing null to parameter #1 ($num) of type float is deprecated
#0 [internal function]: CodeIgniter\Debug\Exceptions->errorHandler(8192, 'number_format()...', 'C:\\xampp\\htdocs...', 934)
#1 C:\xampp\htdocs\cafein\system\Database\BaseConnection.php(934): number_format(NULL, 6)
#2 C:\xampp\htdocs\cafein\system\Debug\Toolbar\Collectors\Database.php(111): CodeIgniter\Database\BaseConnection->getConnectDuration()
#3 C:\xampp\htdocs\cafein\system\Debug\Toolbar\Collectors\BaseCollector.php(115): CodeIgniter\Debug\Toolbar\Collectors\Database->formatTimelineData()
#4 C:\xampp\htdocs\cafein\system\Debug\Toolbar\Collectors\BaseCollector.php(231): CodeIgniter\Debug\Toolbar\Collectors\BaseCollector->timelineData()
#5 C:\xampp\htdocs\cafein\system\Debug\Toolbar.php(90): CodeIgniter\Debug\Toolbar\Collectors\BaseCollector->getAsArray()
#6 C:\xampp\htdocs\cafein\system\Debug\Toolbar.php(363): CodeIgniter\Debug\Toolbar->run(1698219715.4484, 0.0385, Object(CodeIgniter\HTTP\IncomingRequest), Object(CodeIgniter\HTTP\RedirectResponse))
#7 C:\xampp\htdocs\cafein\system\Filters\DebugToolbar.php(40): CodeIgniter\Debug\Toolbar->prepare(Object(CodeIgniter\HTTP\IncomingRequest), Object(CodeIgniter\HTTP\RedirectResponse))
#8 C:\xampp\htdocs\cafein\system\Filters\Filters.php(196): CodeIgniter\Filters\DebugToolbar->after(Object(CodeIgniter\HTTP\IncomingRequest), Object(CodeIgniter\HTTP\RedirectResponse), NULL)
#9 C:\xampp\htdocs\cafein\system\CodeIgniter.php(427): CodeIgniter\Filters\Filters->run('/', 'after')
#10 C:\xampp\htdocs\cafein\system\CodeIgniter.php(318): CodeIgniter\CodeIgniter->handleRequest(NULL, Object(Config\Cache), false)
#11 C:\xampp\htdocs\cafein\index.php(37): CodeIgniter\CodeIgniter->run()
#12 {main}
CRITICAL - 2023-10-25 02:41:55 --> number_format(): Passing null to parameter #1 ($num) of type float is deprecated
#0 [internal function]: CodeIgniter\Debug\Exceptions->errorHandler(8192, 'number_format()...', 'C:\\xampp\\htdocs...', 934)
#1 C:\xampp\htdocs\cafein\system\Database\BaseConnection.php(934): number_format(NULL, 6)
#2 C:\xampp\htdocs\cafein\system\Debug\Toolbar\Collectors\Database.php(111): CodeIgniter\Database\BaseConnection->getConnectDuration()
#3 C:\xampp\htdocs\cafein\system\Debug\Toolbar\Collectors\BaseCollector.php(115): CodeIgniter\Debug\Toolbar\Collectors\Database->formatTimelineData()
#4 C:\xampp\htdocs\cafein\system\Debug\Toolbar\Collectors\BaseCollector.php(231): CodeIgniter\Debug\Toolbar\Collectors\BaseCollector->timelineData()
#5 C:\xampp\htdocs\cafein\system\Debug\Toolbar.php(90): CodeIgniter\Debug\Toolbar\Collectors\BaseCollector->getAsArray()
#6 C:\xampp\htdocs\cafein\system\Debug\Toolbar.php(363): CodeIgniter\Debug\Toolbar->run(1698219715.7208, 0.0385, Object(CodeIgniter\HTTP\IncomingRequest), Object(CodeIgniter\HTTP\RedirectResponse))
#7 C:\xampp\htdocs\cafein\system\Filters\DebugToolbar.php(40): CodeIgniter\Debug\Toolbar->prepare(Object(CodeIgniter\HTTP\IncomingRequest), Object(CodeIgniter\HTTP\RedirectResponse))
#8 C:\xampp\htdocs\cafein\system\Filters\Filters.php(196): CodeIgniter\Filters\DebugToolbar->after(Object(CodeIgniter\HTTP\IncomingRequest), Object(CodeIgniter\HTTP\RedirectResponse), NULL)
#9 C:\xampp\htdocs\cafein\system\CodeIgniter.php(427): CodeIgniter\Filters\Filters->run('/', 'after')
#10 C:\xampp\htdocs\cafein\system\CodeIgniter.php(318): CodeIgniter\CodeIgniter->handleRequest(NULL, Object(Config\Cache), false)
#11 C:\xampp\htdocs\cafein\index.php(37): CodeIgniter\CodeIgniter->run()
#12 {main}
CRITICAL - 2023-10-25 02:41:55 --> number_format(): Passing null to parameter #1 ($num) of type float is deprecated
#0 [internal function]: CodeIgniter\Debug\Exceptions->errorHandler(8192, 'number_format()...', 'C:\\xampp\\htdocs...', 934)
#1 C:\xampp\htdocs\cafein\system\Database\BaseConnection.php(934): number_format(NULL, 6)
#2 C:\xampp\htdocs\cafein\system\Debug\Toolbar\Collectors\Database.php(111): CodeIgniter\Database\BaseConnection->getConnectDuration()
#3 C:\xampp\htdocs\cafein\system\Debug\Toolbar\Collectors\BaseCollector.php(115): CodeIgniter\Debug\Toolbar\Collectors\Database->formatTimelineData()
#4 C:\xampp\htdocs\cafein\system\Debug\Toolbar\Collectors\BaseCollector.php(231): CodeIgniter\Debug\Toolbar\Collectors\BaseCollector->timelineData()
#5 C:\xampp\htdocs\cafein\system\Debug\Toolbar.php(90): CodeIgniter\Debug\Toolbar\Collectors\BaseCollector->getAsArray()
#6 C:\xampp\htdocs\cafein\system\Debug\Toolbar.php(363): CodeIgniter\Debug\Toolbar->run(1698219715.9143, 0.0395, Object(CodeIgniter\HTTP\IncomingRequest), Object(CodeIgniter\HTTP\RedirectResponse))
#7 C:\xampp\htdocs\cafein\system\Filters\DebugToolbar.php(40): CodeIgniter\Debug\Toolbar->prepare(Object(CodeIgniter\HTTP\IncomingRequest), Object(CodeIgniter\HTTP\RedirectResponse))
#8 C:\xampp\htdocs\cafein\system\Filters\Filters.php(196): CodeIgniter\Filters\DebugToolbar->after(Object(CodeIgniter\HTTP\IncomingRequest), Object(CodeIgniter\HTTP\RedirectResponse), NULL)
#9 C:\xampp\htdocs\cafein\system\CodeIgniter.php(427): CodeIgniter\Filters\Filters->run('/', 'after')
#10 C:\xampp\htdocs\cafein\system\CodeIgniter.php(318): CodeIgniter\CodeIgniter->handleRequest(NULL, Object(Config\Cache), false)
#11 C:\xampp\htdocs\cafein\index.php(37): CodeIgniter\CodeIgniter->run()
#12 {main}
CRITICAL - 2023-10-25 02:41:56 --> number_format(): Passing null to parameter #1 ($num) of type float is deprecated
#0 [internal function]: CodeIgniter\Debug\Exceptions->errorHandler(8192, 'number_format()...', 'C:\\xampp\\htdocs...', 934)
#1 C:\xampp\htdocs\cafein\system\Database\BaseConnection.php(934): number_format(NULL, 6)
#2 C:\xampp\htdocs\cafein\system\Debug\Toolbar\Collectors\Database.php(111): CodeIgniter\Database\BaseConnection->getConnectDuration()
#3 C:\xampp\htdocs\cafein\system\Debug\Toolbar\Collectors\BaseCollector.php(115): CodeIgniter\Debug\Toolbar\Collectors\Database->formatTimelineData()
#4 C:\xampp\htdocs\cafein\system\Debug\Toolbar\Collectors\BaseCollector.php(231): CodeIgniter\Debug\Toolbar\Collectors\BaseCollector->timelineData()
#5 C:\xampp\htdocs\cafein\system\Debug\Toolbar.php(90): CodeIgniter\Debug\Toolbar\Collectors\BaseCollector->getAsArray()
#6 C:\xampp\htdocs\cafein\system\Debug\Toolbar.php(363): CodeIgniter\Debug\Toolbar->run(1698219716.1025, 0.0382, Object(CodeIgniter\HTTP\IncomingRequest), Object(CodeIgniter\HTTP\RedirectResponse))
#7 C:\xampp\htdocs\cafein\system\Filters\DebugToolbar.php(40): CodeIgniter\Debug\Toolbar->prepare(Object(CodeIgniter\HTTP\IncomingRequest), Object(CodeIgniter\HTTP\RedirectResponse))
#8 C:\xampp\htdocs\cafein\system\Filters\Filters.php(196): CodeIgniter\Filters\DebugToolbar->after(Object(CodeIgniter\HTTP\IncomingRequest), Object(CodeIgniter\HTTP\RedirectResponse), NULL)
#9 C:\xampp\htdocs\cafein\system\CodeIgniter.php(427): CodeIgniter\Filters\Filters->run('/', 'after')
#10 C:\xampp\htdocs\cafein\system\CodeIgniter.php(318): CodeIgniter\CodeIgniter->handleRequest(NULL, Object(Config\Cache), false)
#11 C:\xampp\htdocs\cafein\index.php(37): CodeIgniter\CodeIgniter->run()
#12 {main}
CRITICAL - 2023-10-25 02:41:56 --> number_format(): Passing null to parameter #1 ($num) of type float is deprecated
#0 [internal function]: CodeIgniter\Debug\Exceptions->errorHandler(8192, 'number_format()...', 'C:\\xampp\\htdocs...', 934)
#1 C:\xampp\htdocs\cafein\system\Database\BaseConnection.php(934): number_format(NULL, 6)
#2 C:\xampp\htdocs\cafein\system\Debug\Toolbar\Collectors\Database.php(111): CodeIgniter\Database\BaseConnection->getConnectDuration()
#3 C:\xampp\htdocs\cafein\system\Debug\Toolbar\Collectors\BaseCollector.php(115): CodeIgniter\Debug\Toolbar\Collectors\Database->formatTimelineData()
#4 C:\xampp\htdocs\cafein\system\Debug\Toolbar\Collectors\BaseCollector.php(231): CodeIgniter\Debug\Toolbar\Collectors\BaseCollector->timelineData()
#5 C:\xampp\htdocs\cafein\system\Debug\Toolbar.php(90): CodeIgniter\Debug\Toolbar\Collectors\BaseCollector->getAsArray()
#6 C:\xampp\htdocs\cafein\system\Debug\Toolbar.php(363): CodeIgniter\Debug\Toolbar->run(1698219716.2897, 0.0393, Object(CodeIgniter\HTTP\IncomingRequest), Object(CodeIgniter\HTTP\RedirectResponse))
#7 C:\xampp\htdocs\cafein\system\Filters\DebugToolbar.php(40): CodeIgniter\Debug\Toolbar->prepare(Object(CodeIgniter\HTTP\IncomingRequest), Object(CodeIgniter\HTTP\RedirectResponse))
#8 C:\xampp\htdocs\cafein\system\Filters\Filters.php(196): CodeIgniter\Filters\DebugToolbar->after(Object(CodeIgniter\HTTP\IncomingRequest), Object(CodeIgniter\HTTP\RedirectResponse), NULL)
#9 C:\xampp\htdocs\cafein\system\CodeIgniter.php(427): CodeIgniter\Filters\Filters->run('/', 'after')
#10 C:\xampp\htdocs\cafein\system\CodeIgniter.php(318): CodeIgniter\CodeIgniter->handleRequest(NULL, Object(Config\Cache), false)
#11 C:\xampp\htdocs\cafein\index.php(37): CodeIgniter\CodeIgniter->run()
#12 {main}
CRITICAL - 2023-10-25 02:41:56 --> number_format(): Passing null to parameter #1 ($num) of type float is deprecated
#0 [internal function]: CodeIgniter\Debug\Exceptions->errorHandler(8192, 'number_format()...', 'C:\\xampp\\htdocs...', 934)
#1 C:\xampp\htdocs\cafein\system\Database\BaseConnection.php(934): number_format(NULL, 6)
#2 C:\xampp\htdocs\cafein\system\Debug\Toolbar\Collectors\Database.php(111): CodeIgniter\Database\BaseConnection->getConnectDuration()
#3 C:\xampp\htdocs\cafein\system\Debug\Toolbar\Collectors\BaseCollector.php(115): CodeIgniter\Debug\Toolbar\Collectors\Database->formatTimelineData()
#4 C:\xampp\htdocs\cafein\system\Debug\Toolbar\Collectors\BaseCollector.php(231): CodeIgniter\Debug\Toolbar\Collectors\BaseCollector->timelineData()
#5 C:\xampp\htdocs\cafein\system\Debug\Toolbar.php(90): CodeIgniter\Debug\Toolbar\Collectors\BaseCollector->getAsArray()
#6 C:\xampp\htdocs\cafein\system\Debug\Toolbar.php(363): CodeIgniter\Debug\Toolbar->run(1698219716.4782, 0.0378, Object(CodeIgniter\HTTP\IncomingRequest), Object(CodeIgniter\HTTP\RedirectResponse))
#7 C:\xampp\htdocs\cafein\system\Filters\DebugToolbar.php(40): CodeIgniter\Debug\Toolbar->prepare(Object(CodeIgniter\HTTP\IncomingRequest), Object(CodeIgniter\HTTP\RedirectResponse))
#8 C:\xampp\htdocs\cafein\system\Filters\Filters.php(196): CodeIgniter\Filters\DebugToolbar->after(Object(CodeIgniter\HTTP\IncomingRequest), Object(CodeIgniter\HTTP\RedirectResponse), NULL)
#9 C:\xampp\htdocs\cafein\system\CodeIgniter.php(427): CodeIgniter\Filters\Filters->run('/', 'after')
#10 C:\xampp\htdocs\cafein\system\CodeIgniter.php(318): CodeIgniter\CodeIgniter->handleRequest(NULL, Object(Config\Cache), false)
#11 C:\xampp\htdocs\cafein\index.php(37): CodeIgniter\CodeIgniter->run()
#12 {main}
CRITICAL - 2023-10-25 02:41:56 --> number_format(): Passing null to parameter #1 ($num) of type float is deprecated
#0 [internal function]: CodeIgniter\Debug\Exceptions->errorHandler(8192, 'number_format()...', 'C:\\xampp\\htdocs...', 934)
#1 C:\xampp\htdocs\cafein\system\Database\BaseConnection.php(934): number_format(NULL, 6)
#2 C:\xampp\htdocs\cafein\system\Debug\Toolbar\Collectors\Database.php(111): CodeIgniter\Database\BaseConnection->getConnectDuration()
#3 C:\xampp\htdocs\cafein\system\Debug\Toolbar\Collectors\BaseCollector.php(115): CodeIgniter\Debug\Toolbar\Collectors\Database->formatTimelineData()
#4 C:\xampp\htdocs\cafein\system\Debug\Toolbar\Collectors\BaseCollector.php(231): CodeIgniter\Debug\Toolbar\Collectors\BaseCollector->timelineData()
#5 C:\xampp\htdocs\cafein\system\Debug\Toolbar.php(90): CodeIgniter\Debug\Toolbar\Collectors\BaseCollector->getAsArray()
#6 C:\xampp\htdocs\cafein\system\Debug\Toolbar.php(363): CodeIgniter\Debug\Toolbar->run(1698219716.6721, 0.0389, Object(CodeIgniter\HTTP\IncomingRequest), Object(CodeIgniter\HTTP\RedirectResponse))
#7 C:\xampp\htdocs\cafein\system\Filters\DebugToolbar.php(40): CodeIgniter\Debug\Toolbar->prepare(Object(CodeIgniter\HTTP\IncomingRequest), Object(CodeIgniter\HTTP\RedirectResponse))
#8 C:\xampp\htdocs\cafein\system\Filters\Filters.php(196): CodeIgniter\Filters\DebugToolbar->after(Object(CodeIgniter\HTTP\IncomingRequest), Object(CodeIgniter\HTTP\RedirectResponse), NULL)
#9 C:\xampp\htdocs\cafein\system\CodeIgniter.php(427): CodeIgniter\Filters\Filters->run('/', 'after')
#10 C:\xampp\htdocs\cafein\system\CodeIgniter.php(318): CodeIgniter\CodeIgniter->handleRequest(NULL, Object(Config\Cache), false)
#11 C:\xampp\htdocs\cafein\index.php(37): CodeIgniter\CodeIgniter->run()
#12 {main}
CRITICAL - 2023-10-25 02:41:59 --> number_format(): Passing null to parameter #1 ($num) of type float is deprecated
#0 [internal function]: CodeIgniter\Debug\Exceptions->errorHandler(8192, 'number_format()...', 'C:\\xampp\\htdocs...', 934)
#1 C:\xampp\htdocs\cafein\system\Database\BaseConnection.php(934): number_format(NULL, 6)
#2 C:\xampp\htdocs\cafein\system\Debug\Toolbar\Collectors\Database.php(111): CodeIgniter\Database\BaseConnection->getConnectDuration()
#3 C:\xampp\htdocs\cafein\system\Debug\Toolbar\Collectors\BaseCollector.php(115): CodeIgniter\Debug\Toolbar\Collectors\Database->formatTimelineData()
#4 C:\xampp\htdocs\cafein\system\Debug\Toolbar\Collectors\BaseCollector.php(231): CodeIgniter\Debug\Toolbar\Collectors\BaseCollector->timelineData()
#5 C:\xampp\htdocs\cafein\system\Debug\Toolbar.php(90): CodeIgniter\Debug\Toolbar\Collectors\BaseCollector->getAsArray()
#6 C:\xampp\htdocs\cafein\system\Debug\Toolbar.php(363): CodeIgniter\Debug\Toolbar->run(1698219719.3178, 0.0422, Object(CodeIgniter\HTTP\IncomingRequest), Object(CodeIgniter\HTTP\RedirectResponse))
#7 C:\xampp\htdocs\cafein\system\Filters\DebugToolbar.php(40): CodeIgniter\Debug\Toolbar->prepare(Object(CodeIgniter\HTTP\IncomingRequest), Object(CodeIgniter\HTTP\RedirectResponse))
#8 C:\xampp\htdocs\cafein\system\Filters\Filters.php(196): CodeIgniter\Filters\DebugToolbar->after(Object(CodeIgniter\HTTP\IncomingRequest), Object(CodeIgniter\HTTP\RedirectResponse), NULL)
#9 C:\xampp\htdocs\cafein\system\CodeIgniter.php(427): CodeIgniter\Filters\Filters->run('/', 'after')
#10 C:\xampp\htdocs\cafein\system\CodeIgniter.php(318): CodeIgniter\CodeIgniter->handleRequest(NULL, Object(Config\Cache), false)
#11 C:\xampp\htdocs\cafein\index.php(37): CodeIgniter\CodeIgniter->run()
#12 {main}
CRITICAL - 2023-10-25 02:43:54 --> number_format(): Passing null to parameter #1 ($num) of type float is deprecated
#0 [internal function]: CodeIgniter\Debug\Exceptions->errorHandler(8192, 'number_format()...', 'C:\\xampp\\htdocs...', 934)
#1 C:\xampp\htdocs\cafein\system\Database\BaseConnection.php(934): number_format(NULL, 6)
#2 C:\xampp\htdocs\cafein\system\Debug\Toolbar\Collectors\Database.php(111): CodeIgniter\Database\BaseConnection->getConnectDuration()
#3 C:\xampp\htdocs\cafein\system\Debug\Toolbar\Collectors\BaseCollector.php(115): CodeIgniter\Debug\Toolbar\Collectors\Database->formatTimelineData()
#4 C:\xampp\htdocs\cafein\system\Debug\Toolbar\Collectors\BaseCollector.php(231): CodeIgniter\Debug\Toolbar\Collectors\BaseCollector->timelineData()
#5 C:\xampp\htdocs\cafein\system\Debug\Toolbar.php(90): CodeIgniter\Debug\Toolbar\Collectors\BaseCollector->getAsArray()
#6 C:\xampp\htdocs\cafein\system\Debug\Toolbar.php(363): CodeIgniter\Debug\Toolbar->run(1698219834.2591, 0.0416, Object(CodeIgniter\HTTP\IncomingRequest), Object(CodeIgniter\HTTP\RedirectResponse))
#7 C:\xampp\htdocs\cafein\system\Filters\DebugToolbar.php(40): CodeIgniter\Debug\Toolbar->prepare(Object(CodeIgniter\HTTP\IncomingRequest), Object(CodeIgniter\HTTP\RedirectResponse))
#8 C:\xampp\htdocs\cafein\system\Filters\Filters.php(196): CodeIgniter\Filters\DebugToolbar->after(Object(CodeIgniter\HTTP\IncomingRequest), Object(CodeIgniter\HTTP\RedirectResponse), NULL)
#9 C:\xampp\htdocs\cafein\system\CodeIgniter.php(427): CodeIgniter\Filters\Filters->run('/', 'after')
#10 C:\xampp\htdocs\cafein\system\CodeIgniter.php(318): CodeIgniter\CodeIgniter->handleRequest(NULL, Object(Config\Cache), false)
#11 C:\xampp\htdocs\cafein\index.php(37): CodeIgniter\CodeIgniter->run()
#12 {main}
CRITICAL - 2023-10-25 02:43:54 --> number_format(): Passing null to parameter #1 ($num) of type float is deprecated
#0 [internal function]: CodeIgniter\Debug\Exceptions->errorHandler(8192, 'number_format()...', 'C:\\xampp\\htdocs...', 934)
#1 C:\xampp\htdocs\cafein\system\Database\BaseConnection.php(934): number_format(NULL, 6)
#2 C:\xampp\htdocs\cafein\system\Debug\Toolbar\Collectors\Database.php(111): CodeIgniter\Database\BaseConnection->getConnectDuration()
#3 C:\xampp\htdocs\cafein\system\Debug\Toolbar\Collectors\BaseCollector.php(115): CodeIgniter\Debug\Toolbar\Collectors\Database->formatTimelineData()
#4 C:\xampp\htdocs\cafein\system\Debug\Toolbar\Collectors\BaseCollector.php(231): CodeIgniter\Debug\Toolbar\Collectors\BaseCollector->timelineData()
#5 C:\xampp\htdocs\cafein\system\Debug\Toolbar.php(90): CodeIgniter\Debug\Toolbar\Collectors\BaseCollector->getAsArray()
#6 C:\xampp\htdocs\cafein\system\Debug\Toolbar.php(363): CodeIgniter\Debug\Toolbar->run(1698219834.9305, 0.0472, Object(CodeIgniter\HTTP\IncomingRequest), Object(CodeIgniter\HTTP\RedirectResponse))
#7 C:\xampp\htdocs\cafein\system\Filters\DebugToolbar.php(40): CodeIgniter\Debug\Toolbar->prepare(Object(CodeIgniter\HTTP\IncomingRequest), Object(CodeIgniter\HTTP\RedirectResponse))
#8 C:\xampp\htdocs\cafein\system\Filters\Filters.php(196): CodeIgniter\Filters\DebugToolbar->after(Object(CodeIgniter\HTTP\IncomingRequest), Object(CodeIgniter\HTTP\RedirectResponse), NULL)
#9 C:\xampp\htdocs\cafein\system\CodeIgniter.php(427): CodeIgniter\Filters\Filters->run('/', 'after')
#10 C:\xampp\htdocs\cafein\system\CodeIgniter.php(318): CodeIgniter\CodeIgniter->handleRequest(NULL, Object(Config\Cache), false)
#11 C:\xampp\htdocs\cafein\index.php(37): CodeIgniter\CodeIgniter->run()
#12 {main}
CRITICAL - 2023-10-25 02:43:55 --> number_format(): Passing null to parameter #1 ($num) of type float is deprecated
#0 [internal function]: CodeIgniter\Debug\Exceptions->errorHandler(8192, 'number_format()...', 'C:\\xampp\\htdocs...', 934)
#1 C:\xampp\htdocs\cafein\system\Database\BaseConnection.php(934): number_format(NULL, 6)
#2 C:\xampp\htdocs\cafein\system\Debug\Toolbar\Collectors\Database.php(111): CodeIgniter\Database\BaseConnection->getConnectDuration()
#3 C:\xampp\htdocs\cafein\system\Debug\Toolbar\Collectors\BaseCollector.php(115): CodeIgniter\Debug\Toolbar\Collectors\Database->formatTimelineData()
#4 C:\xampp\htdocs\cafein\system\Debug\Toolbar\Collectors\BaseCollector.php(231): CodeIgniter\Debug\Toolbar\Collectors\BaseCollector->timelineData()
#5 C:\xampp\htdocs\cafein\system\Debug\Toolbar.php(90): CodeIgniter\Debug\Toolbar\Collectors\BaseCollector->getAsArray()
#6 C:\xampp\htdocs\cafein\system\Debug\Toolbar.php(363): CodeIgniter\Debug\Toolbar->run(1698219835.1313, 0.0401, Object(CodeIgniter\HTTP\IncomingRequest), Object(CodeIgniter\HTTP\RedirectResponse))
#7 C:\xampp\htdocs\cafein\system\Filters\DebugToolbar.php(40): CodeIgniter\Debug\Toolbar->prepare(Object(CodeIgniter\HTTP\IncomingRequest), Object(CodeIgniter\HTTP\RedirectResponse))
#8 C:\xampp\htdocs\cafein\system\Filters\Filters.php(196): CodeIgniter\Filters\DebugToolbar->after(Object(CodeIgniter\HTTP\IncomingRequest), Object(CodeIgniter\HTTP\RedirectResponse), NULL)
#9 C:\xampp\htdocs\cafein\system\CodeIgniter.php(427): CodeIgniter\Filters\Filters->run('/', 'after')
#10 C:\xampp\htdocs\cafein\system\CodeIgniter.php(318): CodeIgniter\CodeIgniter->handleRequest(NULL, Object(Config\Cache), false)
#11 C:\xampp\htdocs\cafein\index.php(37): CodeIgniter\CodeIgniter->run()
#12 {main}
CRITICAL - 2023-10-25 02:43:59 --> number_format(): Passing null to parameter #1 ($num) of type float is deprecated
#0 [internal function]: CodeIgniter\Debug\Exceptions->errorHandler(8192, 'number_format()...', 'C:\\xampp\\htdocs...', 934)
#1 C:\xampp\htdocs\cafein\system\Database\BaseConnection.php(934): number_format(NULL, 6)
#2 C:\xampp\htdocs\cafein\system\Debug\Toolbar\Collectors\Database.php(111): CodeIgniter\Database\BaseConnection->getConnectDuration()
#3 C:\xampp\htdocs\cafein\system\Debug\Toolbar\Collectors\BaseCollector.php(115): CodeIgniter\Debug\Toolbar\Collectors\Database->formatTimelineData()
#4 C:\xampp\htdocs\cafein\system\Debug\Toolbar\Collectors\BaseCollector.php(231): CodeIgniter\Debug\Toolbar\Collectors\BaseCollector->timelineData()
#5 C:\xampp\htdocs\cafein\system\Debug\Toolbar.php(90): CodeIgniter\Debug\Toolbar\Collectors\BaseCollector->getAsArray()
#6 C:\xampp\htdocs\cafein\system\Debug\Toolbar.php(363): CodeIgniter\Debug\Toolbar->run(1698219839.0614, 0.042, Object(CodeIgniter\HTTP\IncomingRequest), Object(CodeIgniter\HTTP\RedirectResponse))
#7 C:\xampp\htdocs\cafein\system\Filters\DebugToolbar.php(40): CodeIgniter\Debug\Toolbar->prepare(Object(CodeIgniter\HTTP\IncomingRequest), Object(CodeIgniter\HTTP\RedirectResponse))
#8 C:\xampp\htdocs\cafein\system\Filters\Filters.php(196): CodeIgniter\Filters\DebugToolbar->after(Object(CodeIgniter\HTTP\IncomingRequest), Object(CodeIgniter\HTTP\RedirectResponse), NULL)
#9 C:\xampp\htdocs\cafein\system\CodeIgniter.php(427): CodeIgniter\Filters\Filters->run('/', 'after')
#10 C:\xampp\htdocs\cafein\system\CodeIgniter.php(318): CodeIgniter\CodeIgniter->handleRequest(NULL, Object(Config\Cache), false)
#11 C:\xampp\htdocs\cafein\index.php(37): CodeIgniter\CodeIgniter->run()
#12 {main}
CRITICAL - 2023-10-25 02:54:48 --> Creation of dynamic property App\Controllers\Antrian::$menuModel is deprecated
#0 C:\xampp\htdocs\cafein\app\Controllers\Antrian.php(13): CodeIgniter\Debug\Exceptions->errorHandler(8192, 'Creation of dyn...', 'C:\\xampp\\htdocs...', 13)
#1 C:\xampp\htdocs\cafein\system\CodeIgniter.php(801): App\Controllers\Antrian->__construct()
#2 C:\xampp\htdocs\cafein\system\CodeIgniter.php(401): CodeIgniter\CodeIgniter->createController()
#3 C:\xampp\htdocs\cafein\system\CodeIgniter.php(318): CodeIgniter\CodeIgniter->handleRequest(NULL, Object(Config\Cache), false)
#4 C:\xampp\htdocs\cafein\index.php(37): CodeIgniter\CodeIgniter->run()
#5 {main}
CRITICAL - 2023-10-25 03:07:37 --> Creation of dynamic property App\Controllers\Laporan::$transaksiModel is deprecated
#0 C:\xampp\htdocs\cafein\app\Controllers\Laporan.php(14): CodeIgniter\Debug\Exceptions->errorHandler(8192, 'Creation of dyn...', 'C:\\xampp\\htdocs...', 14)
#1 C:\xampp\htdocs\cafein\system\CodeIgniter.php(801): App\Controllers\Laporan->__construct()
#2 C:\xampp\htdocs\cafein\system\CodeIgniter.php(401): CodeIgniter\CodeIgniter->createController()
#3 C:\xampp\htdocs\cafein\system\CodeIgniter.php(318): CodeIgniter\CodeIgniter->handleRequest(NULL, Object(Config\Cache), false)
#4 C:\xampp\htdocs\cafein\index.php(37): CodeIgniter\CodeIgniter->run()
#5 {main}
CRITICAL - 2023-10-25 03:08:47 --> Creation of dynamic property App\Controllers\Laporan::$pembelianModel is deprecated
#0 C:\xampp\htdocs\cafein\app\Controllers\Laporan.php(22): CodeIgniter\Debug\Exceptions->errorHandler(8192, 'Creation of dyn...', 'C:\\xampp\\htdocs...', 22)
#1 C:\xampp\htdocs\cafein\system\CodeIgniter.php(801): App\Controllers\Laporan->__construct()
#2 C:\xampp\htdocs\cafein\system\CodeIgniter.php(401): CodeIgniter\CodeIgniter->createController()
#3 C:\xampp\htdocs\cafein\system\CodeIgniter.php(318): CodeIgniter\CodeIgniter->handleRequest(NULL, Object(Config\Cache), false)
#4 C:\xampp\htdocs\cafein\index.php(37): CodeIgniter\CodeIgniter->run()
#5 {main}
CRITICAL - 2023-10-25 03:08:48 --> Creation of dynamic property App\Controllers\Laporan::$pembelianModel is deprecated
#0 C:\xampp\htdocs\cafein\app\Controllers\Laporan.php(22): CodeIgniter\Debug\Exceptions->errorHandler(8192, 'Creation of dyn...', 'C:\\xampp\\htdocs...', 22)
#1 C:\xampp\htdocs\cafein\system\CodeIgniter.php(801): App\Controllers\Laporan->__construct()
#2 C:\xampp\htdocs\cafein\system\CodeIgniter.php(401): CodeIgniter\CodeIgniter->createController()
#3 C:\xampp\htdocs\cafein\system\CodeIgniter.php(318): CodeIgniter\CodeIgniter->handleRequest(NULL, Object(Config\Cache), false)
#4 C:\xampp\htdocs\cafein\index.php(37): CodeIgniter\CodeIgniter->run()
#5 {main}
CRITICAL - 2023-10-25 03:08:50 --> Creation of dynamic property App\Controllers\Laporan::$pembelianModel is deprecated
#0 C:\xampp\htdocs\cafein\app\Controllers\Laporan.php(22): CodeIgniter\Debug\Exceptions->errorHandler(8192, 'Creation of dyn...', 'C:\\xampp\\htdocs...', 22)
#1 C:\xampp\htdocs\cafein\system\CodeIgniter.php(801): App\Controllers\Laporan->__construct()
#2 C:\xampp\htdocs\cafein\system\CodeIgniter.php(401): CodeIgniter\CodeIgniter->createController()
#3 C:\xampp\htdocs\cafein\system\CodeIgniter.php(318): CodeIgniter\CodeIgniter->handleRequest(NULL, Object(Config\Cache), false)
#4 C:\xampp\htdocs\cafein\index.php(37): CodeIgniter\CodeIgniter->run()
#5 {main}
CRITICAL - 2023-10-25 03:09:03 --> Unsupported operand types: null + string
#0 [internal function]: CodeIgniter\Debug\Toolbar::CodeIgniter\Debug\{closure}(Array, 0)
#1 C:\xampp\htdocs\cafein\system\Debug\Toolbar.php(270): array_walk(Array, Object(Closure))
#2 C:\xampp\htdocs\cafein\system\Debug\Toolbar.php(170): CodeIgniter\Debug\Toolbar->collectTimelineData(Array)
#3 C:\xampp\htdocs\cafein\system\Debug\Toolbar\Views\toolbar.tpl.php(96): CodeIgniter\Debug\Toolbar->renderTimeline(Array, 1698221343.1348, 5, 10, Array)
#4 C:\xampp\htdocs\cafein\system\Debug\Toolbar.php(497): include('C:\\xampp\\htdocs...')
#5 C:\xampp\htdocs\cafein\system\Debug\Toolbar.php(460): CodeIgniter\Debug\Toolbar->format(Array, 'html')
#6 C:\xampp\htdocs\cafein\app\Config\Events.php(48): CodeIgniter\Debug\Toolbar->respond()
#7 C:\xampp\htdocs\cafein\system\Events\Events.php(149): CodeIgniter\Events\Events::Config\{closure}()
#8 C:\xampp\htdocs\cafein\system\CodeIgniter.php(300): CodeIgniter\Events\Events::trigger('pre_system')
#9 C:\xampp\htdocs\cafein\index.php(37): CodeIgniter\CodeIgniter->run()
#10 {main}
CRITICAL - 2023-10-25 03:09:04 --> Unsupported operand types: null + string
#0 [internal function]: CodeIgniter\Debug\Toolbar::CodeIgniter\Debug\{closure}(Array, 0)
#1 C:\xampp\htdocs\cafein\system\Debug\Toolbar.php(270): array_walk(Array, Object(Closure))
#2 C:\xampp\htdocs\cafein\system\Debug\Toolbar.php(170): CodeIgniter\Debug\Toolbar->collectTimelineData(Array)
#3 C:\xampp\htdocs\cafein\system\Debug\Toolbar\Views\toolbar.tpl.php(96): CodeIgniter\Debug\Toolbar->renderTimeline(Array, 1698221344.2634, 5, 10, Array)
#4 C:\xampp\htdocs\cafein\system\Debug\Toolbar.php(497): include('C:\\xampp\\htdocs...')
#5 C:\xampp\htdocs\cafein\system\Debug\Toolbar.php(460): CodeIgniter\Debug\Toolbar->format(Array, 'html')
#6 C:\xampp\htdocs\cafein\app\Config\Events.php(48): CodeIgniter\Debug\Toolbar->respond()
#7 C:\xampp\htdocs\cafein\system\Events\Events.php(149): CodeIgniter\Events\Events::Config\{closure}()
#8 C:\xampp\htdocs\cafein\system\CodeIgniter.php(300): CodeIgniter\Events\Events::trigger('pre_system')
#9 C:\xampp\htdocs\cafein\index.php(37): CodeIgniter\CodeIgniter->run()
#10 {main}
CRITICAL - 2023-10-25 15:09:05 --> Creation of dynamic property App\Controllers\Menu::$menuModel is deprecated
#0 C:\xampp\htdocs\cafein\app\Controllers\Menu.php(12): CodeIgniter\Debug\Exceptions->errorHandler(8192, 'Creation of dyn...', 'C:\\xampp\\htdocs...', 12)
#1 C:\xampp\htdocs\cafein\system\CodeIgniter.php(801): App\Controllers\Menu->__construct()
#2 C:\xampp\htdocs\cafein\system\CodeIgniter.php(401): CodeIgniter\CodeIgniter->createController()
#3 C:\xampp\htdocs\cafein\system\CodeIgniter.php(318): CodeIgniter\CodeIgniter->handleRequest(NULL, Object(Config\Cache), false)
#4 C:\xampp\htdocs\cafein\index.php(37): CodeIgniter\CodeIgniter->run()
#5 {main}
CRITICAL - 2023-10-25 03:09:31 --> Unsupported operand types: null + string
#0 [internal function]: CodeIgniter\Debug\Toolbar::CodeIgniter\Debug\{closure}(Array, 0)
#1 C:\xampp\htdocs\cafein\system\Debug\Toolbar.php(270): array_walk(Array, Object(Closure))
#2 C:\xampp\htdocs\cafein\system\Debug\Toolbar.php(170): CodeIgniter\Debug\Toolbar->collectTimelineData(Array)
#3 C:\xampp\htdocs\cafein\system\Debug\Toolbar\Views\toolbar.tpl.php(96): CodeIgniter\Debug\Toolbar->renderTimeline(Array, 1698221371.7851, 5, 10, Array)
#4 C:\xampp\htdocs\cafein\system\Debug\Toolbar.php(497): include('C:\\xampp\\htdocs...')
#5 C:\xampp\htdocs\cafein\system\Debug\Toolbar.php(460): CodeIgniter\Debug\Toolbar->format(Array, 'html')
#6 C:\xampp\htdocs\cafein\app\Config\Events.php(48): CodeIgniter\Debug\Toolbar->respond()
#7 C:\xampp\htdocs\cafein\system\Events\Events.php(149): CodeIgniter\Events\Events::Config\{closure}()
#8 C:\xampp\htdocs\cafein\system\CodeIgniter.php(300): CodeIgniter\Events\Events::trigger('pre_system')
#9 C:\xampp\htdocs\cafein\index.php(37): CodeIgniter\CodeIgniter->run()
#10 {main}
CRITICAL - 2023-10-25 03:09:38 --> Creation of dynamic property App\Controllers\User::$userModel is deprecated
#0 C:\xampp\htdocs\cafein\app\Controllers\User.php(11): CodeIgniter\Debug\Exceptions->errorHandler(8192, 'Creation of dyn...', 'C:\\xampp\\htdocs...', 11)
#1 C:\xampp\htdocs\cafein\system\CodeIgniter.php(801): App\Controllers\User->__construct()
#2 C:\xampp\htdocs\cafein\system\CodeIgniter.php(401): CodeIgniter\CodeIgniter->createController()
#3 C:\xampp\htdocs\cafein\system\CodeIgniter.php(318): CodeIgniter\CodeIgniter->handleRequest(NULL, Object(Config\Cache), false)
#4 C:\xampp\htdocs\cafein\index.php(37): CodeIgniter\CodeIgniter->run()
#5 {main}
CRITICAL - 2023-10-25 03:11:10 --> Unsupported operand types: null + string
#0 [internal function]: CodeIgniter\Debug\Toolbar::CodeIgniter\Debug\{closure}(Array, 0)
#1 C:\xampp\htdocs\cafein\system\Debug\Toolbar.php(270): array_walk(Array, Object(Closure))
#2 C:\xampp\htdocs\cafein\system\Debug\Toolbar.php(170): CodeIgniter\Debug\Toolbar->collectTimelineData(Array)
#3 C:\xampp\htdocs\cafein\system\Debug\Toolbar\Views\toolbar.tpl.php(96): CodeIgniter\Debug\Toolbar->renderTimeline(Array, 1698221470.1214, 4, 10, Array)
#4 C:\xampp\htdocs\cafein\system\Debug\Toolbar.php(497): include('C:\\xampp\\htdocs...')
#5 C:\xampp\htdocs\cafein\system\Debug\Toolbar.php(460): CodeIgniter\Debug\Toolbar->format(Array, 'html')
#6 C:\xampp\htdocs\cafein\app\Config\Events.php(48): CodeIgniter\Debug\Toolbar->respond()
#7 C:\xampp\htdocs\cafein\system\Events\Events.php(149): CodeIgniter\Events\Events::Config\{closure}()
#8 C:\xampp\htdocs\cafein\system\CodeIgniter.php(300): CodeIgniter\Events\Events::trigger('pre_system')
#9 C:\xampp\htdocs\cafein\index.php(37): CodeIgniter\CodeIgniter->run()
#10 {main}
CRITICAL - 2023-10-25 03:11:33 --> Unsupported operand types: null + string
#0 [internal function]: CodeIgniter\Debug\Toolbar::CodeIgniter\Debug\{closure}(Array, 0)
#1 C:\xampp\htdocs\cafein\system\Debug\Toolbar.php(270): array_walk(Array, Object(Closure))
#2 C:\xampp\htdocs\cafein\system\Debug\Toolbar.php(170): CodeIgniter\Debug\Toolbar->collectTimelineData(Array)
#3 C:\xampp\htdocs\cafein\system\Debug\Toolbar\Views\toolbar.tpl.php(96): CodeIgniter\Debug\Toolbar->renderTimeline(Array, 1698221493.6477, 4, 10, Array)
#4 C:\xampp\htdocs\cafein\system\Debug\Toolbar.php(497): include('C:\\xampp\\htdocs...')
#5 C:\xampp\htdocs\cafein\system\Debug\Toolbar.php(460): CodeIgniter\Debug\Toolbar->format(Array, 'html')
#6 C:\xampp\htdocs\cafein\app\Config\Events.php(48): CodeIgniter\Debug\Toolbar->respond()
#7 C:\xampp\htdocs\cafein\system\Events\Events.php(149): CodeIgniter\Events\Events::Config\{closure}()
#8 C:\xampp\htdocs\cafein\system\CodeIgniter.php(300): CodeIgniter\Events\Events::trigger('pre_system')
#9 C:\xampp\htdocs\cafein\index.php(37): CodeIgniter\CodeIgniter->run()
#10 {main}
CRITICAL - 2023-10-25 03:11:34 --> Unsupported operand types: null + string
#0 [internal function]: CodeIgniter\Debug\Toolbar::CodeIgniter\Debug\{closure}(Array, 0)
#1 C:\xampp\htdocs\cafein\system\Debug\Toolbar.php(270): array_walk(Array, Object(Closure))
#2 C:\xampp\htdocs\cafein\system\Debug\Toolbar.php(170): CodeIgniter\Debug\Toolbar->collectTimelineData(Array)
#3 C:\xampp\htdocs\cafein\system\Debug\Toolbar\Views\toolbar.tpl.php(96): CodeIgniter\Debug\Toolbar->renderTimeline(Array, 1698221494.7504, 5, 10, Array)
#4 C:\xampp\htdocs\cafein\system\Debug\Toolbar.php(497): include('C:\\xampp\\htdocs...')
#5 C:\xampp\htdocs\cafein\system\Debug\Toolbar.php(460): CodeIgniter\Debug\Toolbar->format(Array, 'html')
#6 C:\xampp\htdocs\cafein\app\Config\Events.php(48): CodeIgniter\Debug\Toolbar->respond()
#7 C:\xampp\htdocs\cafein\system\Events\Events.php(149): CodeIgniter\Events\Events::Config\{closure}()
#8 C:\xampp\htdocs\cafein\system\CodeIgniter.php(300): CodeIgniter\Events\Events::trigger('pre_system')
#9 C:\xampp\htdocs\cafein\index.php(37): CodeIgniter\CodeIgniter->run()
#10 {main}
CRITICAL - 2023-10-25 03:12:23 --> Unsupported operand types: null + string
#0 [internal function]: CodeIgniter\Debug\Toolbar::CodeIgniter\Debug\{closure}(Array, 0)
#1 C:\xampp\htdocs\cafein\system\Debug\Toolbar.php(270): array_walk(Array, Object(Closure))
#2 C:\xampp\htdocs\cafein\system\Debug\Toolbar.php(170): CodeIgniter\Debug\Toolbar->collectTimelineData(Array)
#3 C:\xampp\htdocs\cafein\system\Debug\Toolbar\Views\toolbar.tpl.php(96): CodeIgniter\Debug\Toolbar->renderTimeline(Array, 1698221543.4144, 5, 10, Array)
#4 C:\xampp\htdocs\cafein\system\Debug\Toolbar.php(497): include('C:\\xampp\\htdocs...')
#5 C:\xampp\htdocs\cafein\system\Debug\Toolbar.php(460): CodeIgniter\Debug\Toolbar->format(Array, 'html')
#6 C:\xampp\htdocs\cafein\app\Config\Events.php(48): CodeIgniter\Debug\Toolbar->respond()
#7 C:\xampp\htdocs\cafein\system\Events\Events.php(149): CodeIgniter\Events\Events::Config\{closure}()
#8 C:\xampp\htdocs\cafein\system\CodeIgniter.php(300): CodeIgniter\Events\Events::trigger('pre_system')
#9 C:\xampp\htdocs\cafein\index.php(37): CodeIgniter\CodeIgniter->run()
#10 {main}
CRITICAL - 2023-10-25 03:12:26 --> Unsupported operand types: null + string
#0 [internal function]: CodeIgniter\Debug\Toolbar::CodeIgniter\Debug\{closure}(Array, 0)
#1 C:\xampp\htdocs\cafein\system\Debug\Toolbar.php(270): array_walk(Array, Object(Closure))
#2 C:\xampp\htdocs\cafein\system\Debug\Toolbar.php(170): CodeIgniter\Debug\Toolbar->collectTimelineData(Array)
#3 C:\xampp\htdocs\cafein\system\Debug\Toolbar\Views\toolbar.tpl.php(96): CodeIgniter\Debug\Toolbar->renderTimeline(Array, 1698221546.1602, 5, 10, Array)
#4 C:\xampp\htdocs\cafein\system\Debug\Toolbar.php(497): include('C:\\xampp\\htdocs...')
#5 C:\xampp\htdocs\cafein\system\Debug\Toolbar.php(460): CodeIgniter\Debug\Toolbar->format(Array, 'html')
#6 C:\xampp\htdocs\cafein\app\Config\Events.php(48): CodeIgniter\Debug\Toolbar->respond()
#7 C:\xampp\htdocs\cafein\system\Events\Events.php(149): CodeIgniter\Events\Events::Config\{closure}()
#8 C:\xampp\htdocs\cafein\system\CodeIgniter.php(300): CodeIgniter\Events\Events::trigger('pre_system')
#9 C:\xampp\htdocs\cafein\index.php(37): CodeIgniter\CodeIgniter->run()
#10 {main}
CRITICAL - 2023-10-25 03:12:33 --> Unsupported operand types: null + string
#0 [internal function]: CodeIgniter\Debug\Toolbar::CodeIgniter\Debug\{closure}(Array, 0)
#1 C:\xampp\htdocs\cafein\system\Debug\Toolbar.php(270): array_walk(Array, Object(Closure))
#2 C:\xampp\htdocs\cafein\system\Debug\Toolbar.php(170): CodeIgniter\Debug\Toolbar->collectTimelineData(Array)
#3 C:\xampp\htdocs\cafein\system\Debug\Toolbar\Views\toolbar.tpl.php(96): CodeIgniter\Debug\Toolbar->renderTimeline(Array, 1698221553.663, 5, 10, Array)
#4 C:\xampp\htdocs\cafein\system\Debug\Toolbar.php(497): include('C:\\xampp\\htdocs...')
#5 C:\xampp\htdocs\cafein\system\Debug\Toolbar.php(460): CodeIgniter\Debug\Toolbar->format(Array, 'html')
#6 C:\xampp\htdocs\cafein\app\Config\Events.php(48): CodeIgniter\Debug\Toolbar->respond()
#7 C:\xampp\htdocs\cafein\system\Events\Events.php(149): CodeIgniter\Events\Events::Config\{closure}()
#8 C:\xampp\htdocs\cafein\system\CodeIgniter.php(300): CodeIgniter\Events\Events::trigger('pre_system')
#9 C:\xampp\htdocs\cafein\index.php(37): CodeIgniter\CodeIgniter->run()
#10 {main}
CRITICAL - 2023-10-25 03:12:37 --> Unsupported operand types: null + string
#0 [internal function]: CodeIgniter\Debug\Toolbar::CodeIgniter\Debug\{closure}(Array, 0)
#1 C:\xampp\htdocs\cafein\system\Debug\Toolbar.php(270): array_walk(Array, Object(Closure))
#2 C:\xampp\htdocs\cafein\system\Debug\Toolbar.php(170): CodeIgniter\Debug\Toolbar->collectTimelineData(Array)
#3 C:\xampp\htdocs\cafein\system\Debug\Toolbar\Views\toolbar.tpl.php(96): CodeIgniter\Debug\Toolbar->renderTimeline(Array, 1698221557.0709, 5, 10, Array)
#4 C:\xampp\htdocs\cafein\system\Debug\Toolbar.php(497): include('C:\\xampp\\htdocs...')
#5 C:\xampp\htdocs\cafein\system\Debug\Toolbar.php(460): CodeIgniter\Debug\Toolbar->format(Array, 'html')
#6 C:\xampp\htdocs\cafein\app\Config\Events.php(48): CodeIgniter\Debug\Toolbar->respond()
#7 C:\xampp\htdocs\cafein\system\Events\Events.php(149): CodeIgniter\Events\Events::Config\{closure}()
#8 C:\xampp\htdocs\cafein\system\CodeIgniter.php(300): CodeIgniter\Events\Events::trigger('pre_system')
#9 C:\xampp\htdocs\cafein\index.php(37): CodeIgniter\CodeIgniter->run()
#10 {main}
CRITICAL - 2023-10-25 03:12:40 --> Unsupported operand types: null + string
#0 [internal function]: CodeIgniter\Debug\Toolbar::CodeIgniter\Debug\{closure}(Array, 0)
#1 C:\xampp\htdocs\cafein\system\Debug\Toolbar.php(270): array_walk(Array, Object(Closure))
#2 C:\xampp\htdocs\cafein\system\Debug\Toolbar.php(170): CodeIgniter\Debug\Toolbar->collectTimelineData(Array)
#3 C:\xampp\htdocs\cafein\system\Debug\Toolbar\Views\toolbar.tpl.php(96): CodeIgniter\Debug\Toolbar->renderTimeline(Array, 1698221559.8843, 5, 10, Array)
#4 C:\xampp\htdocs\cafein\system\Debug\Toolbar.php(497): include('C:\\xampp\\htdocs...')
#5 C:\xampp\htdocs\cafein\system\Debug\Toolbar.php(460): CodeIgniter\Debug\Toolbar->format(Array, 'html')
#6 C:\xampp\htdocs\cafein\app\Config\Events.php(48): CodeIgniter\Debug\Toolbar->respond()
#7 C:\xampp\htdocs\cafein\system\Events\Events.php(149): CodeIgniter\Events\Events::Config\{closure}()
#8 C:\xampp\htdocs\cafein\system\CodeIgniter.php(300): CodeIgniter\Events\Events::trigger('pre_system')
#9 C:\xampp\htdocs\cafein\index.php(37): CodeIgniter\CodeIgniter->run()
#10 {main}
CRITICAL - 2023-10-25 03:12:45 --> Unsupported operand types: null + string
#0 [internal function]: CodeIgniter\Debug\Toolbar::CodeIgniter\Debug\{closure}(Array, 0)
#1 C:\xampp\htdocs\cafein\system\Debug\Toolbar.php(270): array_walk(Array, Object(Closure))
#2 C:\xampp\htdocs\cafein\system\Debug\Toolbar.php(170): CodeIgniter\Debug\Toolbar->collectTimelineData(Array)
#3 C:\xampp\htdocs\cafein\system\Debug\Toolbar\Views\toolbar.tpl.php(96): CodeIgniter\Debug\Toolbar->renderTimeline(Array, 1698221564.9913, 5, 10, Array)
#4 C:\xampp\htdocs\cafein\system\Debug\Toolbar.php(497): include('C:\\xampp\\htdocs...')
#5 C:\xampp\htdocs\cafein\system\Debug\Toolbar.php(460): CodeIgniter\Debug\Toolbar->format(Array, 'html')
#6 C:\xampp\htdocs\cafein\app\Config\Events.php(48): CodeIgniter\Debug\Toolbar->respond()
#7 C:\xampp\htdocs\cafein\system\Events\Events.php(149): CodeIgniter\Events\Events::Config\{closure}()
#8 C:\xampp\htdocs\cafein\system\CodeIgniter.php(300): CodeIgniter\Events\Events::trigger('pre_system')
#9 C:\xampp\htdocs\cafein\index.php(37): CodeIgniter\CodeIgniter->run()
#10 {main}
CRITICAL - 2023-10-25 03:16:32 --> Unsupported operand types: null + string
#0 [internal function]: CodeIgniter\Debug\Toolbar::CodeIgniter\Debug\{closure}(Array, 0)
#1 C:\xampp\htdocs\cafein\system\Debug\Toolbar.php(270): array_walk(Array, Object(Closure))
#2 C:\xampp\htdocs\cafein\system\Debug\Toolbar.php(170): CodeIgniter\Debug\Toolbar->collectTimelineData(Array)
#3 C:\xampp\htdocs\cafein\system\Debug\Toolbar\Views\toolbar.tpl.php(96): CodeIgniter\Debug\Toolbar->renderTimeline(Array, 1698221792.1157, 6, 10, Array)
#4 C:\xampp\htdocs\cafein\system\Debug\Toolbar.php(497): include('C:\\xampp\\htdocs...')
#5 C:\xampp\htdocs\cafein\system\Debug\Toolbar.php(460): CodeIgniter\Debug\Toolbar->format(Array, 'html')
#6 C:\xampp\htdocs\cafein\app\Config\Events.php(48): CodeIgniter\Debug\Toolbar->respond()
#7 C:\xampp\htdocs\cafein\system\Events\Events.php(149): CodeIgniter\Events\Events::Config\{closure}()
#8 C:\xampp\htdocs\cafein\system\CodeIgniter.php(300): CodeIgniter\Events\Events::trigger('pre_system')
#9 C:\xampp\htdocs\cafein\index.php(37): CodeIgniter\CodeIgniter->run()
#10 {main}
CRITICAL - 2023-10-25 03:16:43 --> Unsupported operand types: null + string
#0 [internal function]: CodeIgniter\Debug\Toolbar::CodeIgniter\Debug\{closure}(Array, 0)
#1 C:\xampp\htdocs\cafein\system\Debug\Toolbar.php(270): array_walk(Array, Object(Closure))
#2 C:\xampp\htdocs\cafein\system\Debug\Toolbar.php(170): CodeIgniter\Debug\Toolbar->collectTimelineData(Array)
#3 C:\xampp\htdocs\cafein\system\Debug\Toolbar\Views\toolbar.tpl.php(96): CodeIgniter\Debug\Toolbar->renderTimeline(Array, 1698221802.9989, 5, 10, Array)
#4 C:\xampp\htdocs\cafein\system\Debug\Toolbar.php(497): include('C:\\xampp\\htdocs...')
#5 C:\xampp\htdocs\cafein\system\Debug\Toolbar.php(460): CodeIgniter\Debug\Toolbar->format(Array, 'html')
#6 C:\xampp\htdocs\cafein\app\Config\Events.php(48): CodeIgniter\Debug\Toolbar->respond()
#7 C:\xampp\htdocs\cafein\system\Events\Events.php(149): CodeIgniter\Events\Events::Config\{closure}()
#8 C:\xampp\htdocs\cafein\system\CodeIgniter.php(300): CodeIgniter\Events\Events::trigger('pre_system')
#9 C:\xampp\htdocs\cafein\index.php(37): CodeIgniter\CodeIgniter->run()
#10 {main}
CRITICAL - 2023-10-25 03:16:49 --> Unsupported operand types: null + string
#0 [internal function]: CodeIgniter\Debug\Toolbar::CodeIgniter\Debug\{closure}(Array, 0)
#1 C:\xampp\htdocs\cafein\system\Debug\Toolbar.php(270): array_walk(Array, Object(Closure))
#2 C:\xampp\htdocs\cafein\system\Debug\Toolbar.php(170): CodeIgniter\Debug\Toolbar->collectTimelineData(Array)
#3 C:\xampp\htdocs\cafein\system\Debug\Toolbar\Views\toolbar.tpl.php(96): CodeIgniter\Debug\Toolbar->renderTimeline(Array, 1698221809.466, 5, 10, Array)
#4 C:\xampp\htdocs\cafein\system\Debug\Toolbar.php(497): include('C:\\xampp\\htdocs...')
#5 C:\xampp\htdocs\cafein\system\Debug\Toolbar.php(460): CodeIgniter\Debug\Toolbar->format(Array, 'html')
#6 C:\xampp\htdocs\cafein\app\Config\Events.php(48): CodeIgniter\Debug\Toolbar->respond()
#7 C:\xampp\htdocs\cafein\system\Events\Events.php(149): CodeIgniter\Events\Events::Config\{closure}()
#8 C:\xampp\htdocs\cafein\system\CodeIgniter.php(300): CodeIgniter\Events\Events::trigger('pre_system')
#9 C:\xampp\htdocs\cafein\index.php(37): CodeIgniter\CodeIgniter->run()
#10 {main}
CRITICAL - 2023-10-25 03:16:53 --> Unsupported operand types: null + string
#0 [internal function]: CodeIgniter\Debug\Toolbar::CodeIgniter\Debug\{closure}(Array, 0)
#1 C:\xampp\htdocs\cafein\system\Debug\Toolbar.php(270): array_walk(Array, Object(Closure))
#2 C:\xampp\htdocs\cafein\system\Debug\Toolbar.php(170): CodeIgniter\Debug\Toolbar->collectTimelineData(Array)
#3 C:\xampp\htdocs\cafein\system\Debug\Toolbar\Views\toolbar.tpl.php(96): CodeIgniter\Debug\Toolbar->renderTimeline(Array, 1698221813.138, 5, 10, Array)
#4 C:\xampp\htdocs\cafein\system\Debug\Toolbar.php(497): include('C:\\xampp\\htdocs...')
#5 C:\xampp\htdocs\cafein\system\Debug\Toolbar.php(460): CodeIgniter\Debug\Toolbar->format(Array, 'html')
#6 C:\xampp\htdocs\cafein\app\Config\Events.php(48): CodeIgniter\Debug\Toolbar->respond()
#7 C:\xampp\htdocs\cafein\system\Events\Events.php(149): CodeIgniter\Events\Events::Config\{closure}()
#8 C:\xampp\htdocs\cafein\system\CodeIgniter.php(300): CodeIgniter\Events\Events::trigger('pre_system')
#9 C:\xampp\htdocs\cafein\index.php(37): CodeIgniter\CodeIgniter->run()
#10 {main}
CRITICAL - 2023-10-25 03:17:06 --> Unsupported operand types: null + string
#0 [internal function]: CodeIgniter\Debug\Toolbar::CodeIgniter\Debug\{closure}(Array, 0)
#1 C:\xampp\htdocs\cafein\system\Debug\Toolbar.php(270): array_walk(Array, Object(Closure))
#2 C:\xampp\htdocs\cafein\system\Debug\Toolbar.php(170): CodeIgniter\Debug\Toolbar->collectTimelineData(Array)
#3 C:\xampp\htdocs\cafein\system\Debug\Toolbar\Views\toolbar.tpl.php(96): CodeIgniter\Debug\Toolbar->renderTimeline(Array, 1698221826.0969, 5, 10, Array)
#4 C:\xampp\htdocs\cafein\system\Debug\Toolbar.php(497): include('C:\\xampp\\htdocs...')
#5 C:\xampp\htdocs\cafein\system\Debug\Toolbar.php(460): CodeIgniter\Debug\Toolbar->format(Array, 'html')
#6 C:\xampp\htdocs\cafein\app\Config\Events.php(48): CodeIgniter\Debug\Toolbar->respond()
#7 C:\xampp\htdocs\cafein\system\Events\Events.php(149): CodeIgniter\Events\Events::Config\{closure}()
#8 C:\xampp\htdocs\cafein\system\CodeIgniter.php(300): CodeIgniter\Events\Events::trigger('pre_system')
#9 C:\xampp\htdocs\cafein\index.php(37): CodeIgniter\CodeIgniter->run()
#10 {main}
CRITICAL - 2023-10-25 03:17:10 --> Unsupported operand types: null + string
#0 [internal function]: CodeIgniter\Debug\Toolbar::CodeIgniter\Debug\{closure}(Array, 0)
#1 C:\xampp\htdocs\cafein\system\Debug\Toolbar.php(270): array_walk(Array, Object(Closure))
#2 C:\xampp\htdocs\cafein\system\Debug\Toolbar.php(170): CodeIgniter\Debug\Toolbar->collectTimelineData(Array)
#3 C:\xampp\htdocs\cafein\system\Debug\Toolbar\Views\toolbar.tpl.php(96): CodeIgniter\Debug\Toolbar->renderTimeline(Array, 1698221829.8887, 4, 10, Array)
#4 C:\xampp\htdocs\cafein\system\Debug\Toolbar.php(497): include('C:\\xampp\\htdocs...')
#5 C:\xampp\htdocs\cafein\system\Debug\Toolbar.php(460): CodeIgniter\Debug\Toolbar->format(Array, 'html')
#6 C:\xampp\htdocs\cafein\app\Config\Events.php(48): CodeIgniter\Debug\Toolbar->respond()
#7 C:\xampp\htdocs\cafein\system\Events\Events.php(149): CodeIgniter\Events\Events::Config\{closure}()
#8 C:\xampp\htdocs\cafein\system\CodeIgniter.php(300): CodeIgniter\Events\Events::trigger('pre_system')
#9 C:\xampp\htdocs\cafein\index.php(37): CodeIgniter\CodeIgniter->run()
#10 {main}
CRITICAL - 2023-10-25 03:17:15 --> Unsupported operand types: null + string
#0 [internal function]: CodeIgniter\Debug\Toolbar::CodeIgniter\Debug\{closure}(Array, 0)
#1 C:\xampp\htdocs\cafein\system\Debug\Toolbar.php(270): array_walk(Array, Object(Closure))
#2 C:\xampp\htdocs\cafein\system\Debug\Toolbar.php(170): CodeIgniter\Debug\Toolbar->collectTimelineData(Array)
#3 C:\xampp\htdocs\cafein\system\Debug\Toolbar\Views\toolbar.tpl.php(96): CodeIgniter\Debug\Toolbar->renderTimeline(Array, 1698221835.6786, 4, 10, Array)
#4 C:\xampp\htdocs\cafein\system\Debug\Toolbar.php(497): include('C:\\xampp\\htdocs...')
#5 C:\xampp\htdocs\cafein\system\Debug\Toolbar.php(460): CodeIgniter\Debug\Toolbar->format(Array, 'html')
#6 C:\xampp\htdocs\cafein\app\Config\Events.php(48): CodeIgniter\Debug\Toolbar->respond()
#7 C:\xampp\htdocs\cafein\system\Events\Events.php(149): CodeIgniter\Events\Events::Config\{closure}()
#8 C:\xampp\htdocs\cafein\system\CodeIgniter.php(300): CodeIgniter\Events\Events::trigger('pre_system')
#9 C:\xampp\htdocs\cafein\index.php(37): CodeIgniter\CodeIgniter->run()
#10 {main}
CRITICAL - 2023-10-25 03:18:39 --> Unsupported operand types: null + string
#0 [internal function]: CodeIgniter\Debug\Toolbar::CodeIgniter\Debug\{closure}(Array, 0)
#1 C:\xampp\htdocs\cafein\system\Debug\Toolbar.php(270): array_walk(Array, Object(Closure))
#2 C:\xampp\htdocs\cafein\system\Debug\Toolbar.php(170): CodeIgniter\Debug\Toolbar->collectTimelineData(Array)
#3 C:\xampp\htdocs\cafein\system\Debug\Toolbar\Views\toolbar.tpl.php(96): CodeIgniter\Debug\Toolbar->renderTimeline(Array, 1698221919.2136, 5, 10, Array)
#4 C:\xampp\htdocs\cafein\system\Debug\Toolbar.php(497): include('C:\\xampp\\htdocs...')
#5 C:\xampp\htdocs\cafein\system\Debug\Toolbar.php(460): CodeIgniter\Debug\Toolbar->format(Array, 'html')
#6 C:\xampp\htdocs\cafein\app\Config\Events.php(48): CodeIgniter\Debug\Toolbar->respond()
#7 C:\xampp\htdocs\cafein\system\Events\Events.php(149): CodeIgniter\Events\Events::Config\{closure}()
#8 C:\xampp\htdocs\cafein\system\CodeIgniter.php(300): CodeIgniter\Events\Events::trigger('pre_system')
#9 C:\xampp\htdocs\cafein\index.php(37): CodeIgniter\CodeIgniter->run()
#10 {main}
CRITICAL - 2023-10-25 03:18:41 --> Unsupported operand types: null + string
#0 [internal function]: CodeIgniter\Debug\Toolbar::CodeIgniter\Debug\{closure}(Array, 0)
#1 C:\xampp\htdocs\cafein\system\Debug\Toolbar.php(270): array_walk(Array, Object(Closure))
#2 C:\xampp\htdocs\cafein\system\Debug\Toolbar.php(170): CodeIgniter\Debug\Toolbar->collectTimelineData(Array)
#3 C:\xampp\htdocs\cafein\system\Debug\Toolbar\Views\toolbar.tpl.php(96): CodeIgniter\Debug\Toolbar->renderTimeline(Array, 1698221921.3328, 5, 10, Array)
#4 C:\xampp\htdocs\cafein\system\Debug\Toolbar.php(497): include('C:\\xampp\\htdocs...')
#5 C:\xampp\htdocs\cafein\system\Debug\Toolbar.php(460): CodeIgniter\Debug\Toolbar->format(Array, 'html')
#6 C:\xampp\htdocs\cafein\app\Config\Events.php(48): CodeIgniter\Debug\Toolbar->respond()
#7 C:\xampp\htdocs\cafein\system\Events\Events.php(149): CodeIgniter\Events\Events::Config\{closure}()
#8 C:\xampp\htdocs\cafein\system\CodeIgniter.php(300): CodeIgniter\Events\Events::trigger('pre_system')
#9 C:\xampp\htdocs\cafein\index.php(37): CodeIgniter\CodeIgniter->run()
#10 {main}
CRITICAL - 2023-10-25 03:18:49 --> Unsupported operand types: null + string
#0 [internal function]: CodeIgniter\Debug\Toolbar::CodeIgniter\Debug\{closure}(Array, 0)
#1 C:\xampp\htdocs\cafein\system\Debug\Toolbar.php(270): array_walk(Array, Object(Closure))
#2 C:\xampp\htdocs\cafein\system\Debug\Toolbar.php(170): CodeIgniter\Debug\Toolbar->collectTimelineData(Array)
#3 C:\xampp\htdocs\cafein\system\Debug\Toolbar\Views\toolbar.tpl.php(96): CodeIgniter\Debug\Toolbar->renderTimeline(Array, 1698221929.7051, 5, 10, Array)
#4 C:\xampp\htdocs\cafein\system\Debug\Toolbar.php(497): include('C:\\xampp\\htdocs...')
#5 C:\xampp\htdocs\cafein\system\Debug\Toolbar.php(460): CodeIgniter\Debug\Toolbar->format(Array, 'html')
#6 C:\xampp\htdocs\cafein\app\Config\Events.php(48): CodeIgniter\Debug\Toolbar->respond()
#7 C:\xampp\htdocs\cafein\system\Events\Events.php(149): CodeIgniter\Events\Events::Config\{closure}()
#8 C:\xampp\htdocs\cafein\system\CodeIgniter.php(300): CodeIgniter\Events\Events::trigger('pre_system')
#9 C:\xampp\htdocs\cafein\index.php(37): CodeIgniter\CodeIgniter->run()
#10 {main}
CRITICAL - 2023-10-25 03:27:44 --> Unsupported operand types: null + string
#0 [internal function]: CodeIgniter\Debug\Toolbar::CodeIgniter\Debug\{closure}(Array, 0)
#1 C:\xampp\htdocs\cafein\system\Debug\Toolbar.php(270): array_walk(Array, Object(Closure))
#2 C:\xampp\htdocs\cafein\system\Debug\Toolbar.php(170): CodeIgniter\Debug\Toolbar->collectTimelineData(Array)
#3 C:\xampp\htdocs\cafein\system\Debug\Toolbar\Views\toolbar.tpl.php(96): CodeIgniter\Debug\Toolbar->renderTimeline(Array, 1698222464.0381, 4, 10, Array)
#4 C:\xampp\htdocs\cafein\system\Debug\Toolbar.php(497): include('C:\\xampp\\htdocs...')
#5 C:\xampp\htdocs\cafein\system\Debug\Toolbar.php(460): CodeIgniter\Debug\Toolbar->format(Array, 'html')
#6 C:\xampp\htdocs\cafein\app\Config\Events.php(48): CodeIgniter\Debug\Toolbar->respond()
#7 C:\xampp\htdocs\cafein\system\Events\Events.php(149): CodeIgniter\Events\Events::Config\{closure}()
#8 C:\xampp\htdocs\cafein\system\CodeIgniter.php(300): CodeIgniter\Events\Events::trigger('pre_system')
#9 C:\xampp\htdocs\cafein\index.php(37): CodeIgniter\CodeIgniter->run()
#10 {main}
CRITICAL - 2023-10-25 03:28:08 --> Unsupported operand types: null + string
#0 [internal function]: CodeIgniter\Debug\Toolbar::CodeIgniter\Debug\{closure}(Array, 0)
#1 C:\xampp\htdocs\cafein\system\Debug\Toolbar.php(270): array_walk(Array, Object(Closure))
#2 C:\xampp\htdocs\cafein\system\Debug\Toolbar.php(170): CodeIgniter\Debug\Toolbar->collectTimelineData(Array)
#3 C:\xampp\htdocs\cafein\system\Debug\Toolbar\Views\toolbar.tpl.php(96): CodeIgniter\Debug\Toolbar->renderTimeline(Array, 1698222488.2437, 4, 10, Array)
#4 C:\xampp\htdocs\cafein\system\Debug\Toolbar.php(497): include('C:\\xampp\\htdocs...')
#5 C:\xampp\htdocs\cafein\system\Debug\Toolbar.php(460): CodeIgniter\Debug\Toolbar->format(Array, 'html')
#6 C:\xampp\htdocs\cafein\app\Config\Events.php(48): CodeIgniter\Debug\Toolbar->respond()
#7 C:\xampp\htdocs\cafein\system\Events\Events.php(149): CodeIgniter\Events\Events::Config\{closure}()
#8 C:\xampp\htdocs\cafein\system\CodeIgniter.php(300): CodeIgniter\Events\Events::trigger('pre_system')
#9 C:\xampp\htdocs\cafein\index.php(37): CodeIgniter\CodeIgniter->run()
#10 {main}
CRITICAL - 2023-10-25 03:28:14 --> Unsupported operand types: null + string
#0 [internal function]: CodeIgniter\Debug\Toolbar::CodeIgniter\Debug\{closure}(Array, 0)
#1 C:\xampp\htdocs\cafein\system\Debug\Toolbar.php(270): array_walk(Array, Object(Closure))
#2 C:\xampp\htdocs\cafein\system\Debug\Toolbar.php(170): CodeIgniter\Debug\Toolbar->collectTimelineData(Array)
#3 C:\xampp\htdocs\cafein\system\Debug\Toolbar\Views\toolbar.tpl.php(96): CodeIgniter\Debug\Toolbar->renderTimeline(Array, 1698222494.2615, 4, 10, Array)
#4 C:\xampp\htdocs\cafein\system\Debug\Toolbar.php(497): include('C:\\xampp\\htdocs...')
#5 C:\xampp\htdocs\cafein\system\Debug\Toolbar.php(460): CodeIgniter\Debug\Toolbar->format(Array, 'html')
#6 C:\xampp\htdocs\cafein\app\Config\Events.php(48): CodeIgniter\Debug\Toolbar->respond()
#7 C:\xampp\htdocs\cafein\system\Events\Events.php(149): CodeIgniter\Events\Events::Config\{closure}()
#8 C:\xampp\htdocs\cafein\system\CodeIgniter.php(300): CodeIgniter\Events\Events::trigger('pre_system')
#9 C:\xampp\htdocs\cafein\index.php(37): CodeIgniter\CodeIgniter->run()
#10 {main}
CRITICAL - 2023-10-25 03:28:15 --> Unsupported operand types: null + string
#0 [internal function]: CodeIgniter\Debug\Toolbar::CodeIgniter\Debug\{closure}(Array, 0)
#1 C:\xampp\htdocs\cafein\system\Debug\Toolbar.php(270): array_walk(Array, Object(Closure))
#2 C:\xampp\htdocs\cafein\system\Debug\Toolbar.php(170): CodeIgniter\Debug\Toolbar->collectTimelineData(Array)
#3 C:\xampp\htdocs\cafein\system\Debug\Toolbar\Views\toolbar.tpl.php(96): CodeIgniter\Debug\Toolbar->renderTimeline(Array, 1698222495.5629, 4, 10, Array)
#4 C:\xampp\htdocs\cafein\system\Debug\Toolbar.php(497): include('C:\\xampp\\htdocs...')
#5 C:\xampp\htdocs\cafein\system\Debug\Toolbar.php(460): CodeIgniter\Debug\Toolbar->format(Array, 'html')
#6 C:\xampp\htdocs\cafein\app\Config\Events.php(48): CodeIgniter\Debug\Toolbar->respond()
#7 C:\xampp\htdocs\cafein\system\Events\Events.php(149): CodeIgniter\Events\Events::Config\{closure}()
#8 C:\xampp\htdocs\cafein\system\CodeIgniter.php(300): CodeIgniter\Events\Events::trigger('pre_system')
#9 C:\xampp\htdocs\cafein\index.php(37): CodeIgniter\CodeIgniter->run()
#10 {main}
