CRITICAL - 2023-12-26 22:31:42 --> Unsupported operand types: null + string
#0 [internal function]: CodeIgniter\Debug\Toolbar::CodeIgniter\Debug\{closure}(Array, 0)
#1 C:\xampp\htdocs\cafein\system\Debug\Toolbar.php(270): array_walk(Array, Object(Closure))
#2 C:\xampp\htdocs\cafein\system\Debug\Toolbar.php(170): CodeIgniter\Debug\Toolbar->collectTimelineData(Array)
#3 C:\xampp\htdocs\cafein\system\Debug\Toolbar\Views\toolbar.tpl.php(96): CodeIgniter\Debug\Toolbar->renderTimeline(Array, 1703651501.9281, 7, 15, Array)
#4 C:\xampp\htdocs\cafein\system\Debug\Toolbar.php(497): include('C:\\xampp\\htdocs...')
#5 C:\xampp\htdocs\cafein\system\Debug\Toolbar.php(460): CodeIgniter\Debug\Toolbar->format(Array, 'html')
#6 C:\xampp\htdocs\cafein\app\Config\Events.php(48): CodeIgniter\Debug\Toolbar->respond()
#7 C:\xampp\htdocs\cafein\system\Events\Events.php(149): CodeIgniter\Events\Events::Config\{closure}()
#8 C:\xampp\htdocs\cafein\system\CodeIgniter.php(300): CodeIgniter\Events\Events::trigger('pre_system')
#9 C:\xampp\htdocs\cafein\index.php(37): CodeIgniter\CodeIgniter->run()
#10 {main}
CRITICAL - 2023-12-26 22:31:52 --> Unsupported operand types: null + string
#0 [internal function]: CodeIgniter\Debug\Toolbar::CodeIgniter\Debug\{closure}(Array, 0)
#1 C:\xampp\htdocs\cafein\system\Debug\Toolbar.php(270): array_walk(Array, Object(Closure))
#2 C:\xampp\htdocs\cafein\system\Debug\Toolbar.php(170): CodeIgniter\Debug\Toolbar->collectTimelineData(Array)
#3 C:\xampp\htdocs\cafein\system\Debug\Toolbar\Views\toolbar.tpl.php(96): CodeIgniter\Debug\Toolbar->renderTimeline(Array, 1703651511.8055, 5, 15, Array)
#4 C:\xampp\htdocs\cafein\system\Debug\Toolbar.php(497): include('C:\\xampp\\htdocs...')
#5 C:\xampp\htdocs\cafein\system\Debug\Toolbar.php(460): CodeIgniter\Debug\Toolbar->format(Array, 'html')
#6 C:\xampp\htdocs\cafein\app\Config\Events.php(48): CodeIgniter\Debug\Toolbar->respond()
#7 C:\xampp\htdocs\cafein\system\Events\Events.php(149): CodeIgniter\Events\Events::Config\{closure}()
#8 C:\xampp\htdocs\cafein\system\CodeIgniter.php(300): CodeIgniter\Events\Events::trigger('pre_system')
#9 C:\xampp\htdocs\cafein\index.php(37): CodeIgniter\CodeIgniter->run()
#10 {main}
CRITICAL - 2023-12-26 22:32:01 --> Unsupported operand types: null + string
#0 [internal function]: CodeIgniter\Debug\Toolbar::CodeIgniter\Debug\{closure}(Array, 0)
#1 C:\xampp\htdocs\cafein\system\Debug\Toolbar.php(270): array_walk(Array, Object(Closure))
#2 C:\xampp\htdocs\cafein\system\Debug\Toolbar.php(170): CodeIgniter\Debug\Toolbar->collectTimelineData(Array)
#3 C:\xampp\htdocs\cafein\system\Debug\Toolbar\Views\toolbar.tpl.php(96): CodeIgniter\Debug\Toolbar->renderTimeline(Array, 1703651521.0661, 7, 10, Array)
#4 C:\xampp\htdocs\cafein\system\Debug\Toolbar.php(497): include('C:\\xampp\\htdocs...')
#5 C:\xampp\htdocs\cafein\system\Debug\Toolbar.php(460): CodeIgniter\Debug\Toolbar->format(Array, 'html')
#6 C:\xampp\htdocs\cafein\app\Config\Events.php(48): CodeIgniter\Debug\Toolbar->respond()
#7 C:\xampp\htdocs\cafein\system\Events\Events.php(149): CodeIgniter\Events\Events::Config\{closure}()
#8 C:\xampp\htdocs\cafein\system\CodeIgniter.php(300): CodeIgniter\Events\Events::trigger('pre_system')
#9 C:\xampp\htdocs\cafein\index.php(37): CodeIgniter\CodeIgniter->run()
#10 {main}
CRITICAL - 2023-12-26 22:32:03 --> Unsupported operand types: null + string
#0 [internal function]: CodeIgniter\Debug\Toolbar::CodeIgniter\Debug\{closure}(Array, 0)
#1 C:\xampp\htdocs\cafein\system\Debug\Toolbar.php(270): array_walk(Array, Object(Closure))
#2 C:\xampp\htdocs\cafein\system\Debug\Toolbar.php(170): CodeIgniter\Debug\Toolbar->collectTimelineData(Array)
#3 C:\xampp\htdocs\cafein\system\Debug\Toolbar\Views\toolbar.tpl.php(96): CodeIgniter\Debug\Toolbar->renderTimeline(Array, 1703651522.884, 5, 15, Array)
#4 C:\xampp\htdocs\cafein\system\Debug\Toolbar.php(497): include('C:\\xampp\\htdocs...')
#5 C:\xampp\htdocs\cafein\system\Debug\Toolbar.php(460): CodeIgniter\Debug\Toolbar->format(Array, 'html')
#6 C:\xampp\htdocs\cafein\app\Config\Events.php(48): CodeIgniter\Debug\Toolbar->respond()
#7 C:\xampp\htdocs\cafein\system\Events\Events.php(149): CodeIgniter\Events\Events::Config\{closure}()
#8 C:\xampp\htdocs\cafein\system\CodeIgniter.php(300): CodeIgniter\Events\Events::trigger('pre_system')
#9 C:\xampp\htdocs\cafein\index.php(37): CodeIgniter\CodeIgniter->run()
#10 {main}
CRITICAL - 2023-12-26 22:32:16 --> Unsupported operand types: null + string
#0 [internal function]: CodeIgniter\Debug\Toolbar::CodeIgniter\Debug\{closure}(Array, 0)
#1 C:\xampp\htdocs\cafein\system\Debug\Toolbar.php(270): array_walk(Array, Object(Closure))
#2 C:\xampp\htdocs\cafein\system\Debug\Toolbar.php(170): CodeIgniter\Debug\Toolbar->collectTimelineData(Array)
#3 C:\xampp\htdocs\cafein\system\Debug\Toolbar\Views\toolbar.tpl.php(96): CodeIgniter\Debug\Toolbar->renderTimeline(Array, 1703651536.0752, 7, 10, Array)
#4 C:\xampp\htdocs\cafein\system\Debug\Toolbar.php(497): include('C:\\xampp\\htdocs...')
#5 C:\xampp\htdocs\cafein\system\Debug\Toolbar.php(460): CodeIgniter\Debug\Toolbar->format(Array, 'html')
#6 C:\xampp\htdocs\cafein\app\Config\Events.php(48): CodeIgniter\Debug\Toolbar->respond()
#7 C:\xampp\htdocs\cafein\system\Events\Events.php(149): CodeIgniter\Events\Events::Config\{closure}()
#8 C:\xampp\htdocs\cafein\system\CodeIgniter.php(300): CodeIgniter\Events\Events::trigger('pre_system')
#9 C:\xampp\htdocs\cafein\index.php(37): CodeIgniter\CodeIgniter->run()
#10 {main}
CRITICAL - 2023-12-26 22:33:21 --> Unsupported operand types: null + string
#0 [internal function]: CodeIgniter\Debug\Toolbar::CodeIgniter\Debug\{closure}(Array, 0)
#1 C:\xampp\htdocs\cafein\system\Debug\Toolbar.php(270): array_walk(Array, Object(Closure))
#2 C:\xampp\htdocs\cafein\system\Debug\Toolbar.php(170): CodeIgniter\Debug\Toolbar->collectTimelineData(Array)
#3 C:\xampp\htdocs\cafein\system\Debug\Toolbar\Views\toolbar.tpl.php(96): CodeIgniter\Debug\Toolbar->renderTimeline(Array, 1703651601.6053, 7, 10, Array)
#4 C:\xampp\htdocs\cafein\system\Debug\Toolbar.php(497): include('C:\\xampp\\htdocs...')
#5 C:\xampp\htdocs\cafein\system\Debug\Toolbar.php(460): CodeIgniter\Debug\Toolbar->format(Array, 'html')
#6 C:\xampp\htdocs\cafein\app\Config\Events.php(48): CodeIgniter\Debug\Toolbar->respond()
#7 C:\xampp\htdocs\cafein\system\Events\Events.php(149): CodeIgniter\Events\Events::Config\{closure}()
#8 C:\xampp\htdocs\cafein\system\CodeIgniter.php(300): CodeIgniter\Events\Events::trigger('pre_system')
#9 C:\xampp\htdocs\cafein\index.php(37): CodeIgniter\CodeIgniter->run()
#10 {main}
CRITICAL - 2023-12-26 22:33:23 --> Unsupported operand types: null + string
#0 [internal function]: CodeIgniter\Debug\Toolbar::CodeIgniter\Debug\{closure}(Array, 0)
#1 C:\xampp\htdocs\cafein\system\Debug\Toolbar.php(270): array_walk(Array, Object(Closure))
#2 C:\xampp\htdocs\cafein\system\Debug\Toolbar.php(170): CodeIgniter\Debug\Toolbar->collectTimelineData(Array)
#3 C:\xampp\htdocs\cafein\system\Debug\Toolbar\Views\toolbar.tpl.php(96): CodeIgniter\Debug\Toolbar->renderTimeline(Array, 1703651603.4177, 5, 15, Array)
#4 C:\xampp\htdocs\cafein\system\Debug\Toolbar.php(497): include('C:\\xampp\\htdocs...')
#5 C:\xampp\htdocs\cafein\system\Debug\Toolbar.php(460): CodeIgniter\Debug\Toolbar->format(Array, 'html')
#6 C:\xampp\htdocs\cafein\app\Config\Events.php(48): CodeIgniter\Debug\Toolbar->respond()
#7 C:\xampp\htdocs\cafein\system\Events\Events.php(149): CodeIgniter\Events\Events::Config\{closure}()
#8 C:\xampp\htdocs\cafein\system\CodeIgniter.php(300): CodeIgniter\Events\Events::trigger('pre_system')
#9 C:\xampp\htdocs\cafein\index.php(37): CodeIgniter\CodeIgniter->run()
#10 {main}
CRITICAL - 2023-12-26 22:33:27 --> Unsupported operand types: null + string
#0 [internal function]: CodeIgniter\Debug\Toolbar::CodeIgniter\Debug\{closure}(Array, 0)
#1 C:\xampp\htdocs\cafein\system\Debug\Toolbar.php(270): array_walk(Array, Object(Closure))
#2 C:\xampp\htdocs\cafein\system\Debug\Toolbar.php(170): CodeIgniter\Debug\Toolbar->collectTimelineData(Array)
#3 C:\xampp\htdocs\cafein\system\Debug\Toolbar\Views\toolbar.tpl.php(96): CodeIgniter\Debug\Toolbar->renderTimeline(Array, 1703651607.4287, 7, 15, Array)
#4 C:\xampp\htdocs\cafein\system\Debug\Toolbar.php(497): include('C:\\xampp\\htdocs...')
#5 C:\xampp\htdocs\cafein\system\Debug\Toolbar.php(460): CodeIgniter\Debug\Toolbar->format(Array, 'html')
#6 C:\xampp\htdocs\cafein\app\Config\Events.php(48): CodeIgniter\Debug\Toolbar->respond()
#7 C:\xampp\htdocs\cafein\system\Events\Events.php(149): CodeIgniter\Events\Events::Config\{closure}()
#8 C:\xampp\htdocs\cafein\system\CodeIgniter.php(300): CodeIgniter\Events\Events::trigger('pre_system')
#9 C:\xampp\htdocs\cafein\index.php(37): CodeIgniter\CodeIgniter->run()
#10 {main}
CRITICAL - 2023-12-26 22:33:52 --> Unsupported operand types: null + string
#0 [internal function]: CodeIgniter\Debug\Toolbar::CodeIgniter\Debug\{closure}(Array, 0)
#1 C:\xampp\htdocs\cafein\system\Debug\Toolbar.php(270): array_walk(Array, Object(Closure))
#2 C:\xampp\htdocs\cafein\system\Debug\Toolbar.php(170): CodeIgniter\Debug\Toolbar->collectTimelineData(Array)
#3 C:\xampp\htdocs\cafein\system\Debug\Toolbar\Views\toolbar.tpl.php(96): CodeIgniter\Debug\Toolbar->renderTimeline(Array, 1703651632.6517, 7, 10, Array)
#4 C:\xampp\htdocs\cafein\system\Debug\Toolbar.php(497): include('C:\\xampp\\htdocs...')
#5 C:\xampp\htdocs\cafein\system\Debug\Toolbar.php(460): CodeIgniter\Debug\Toolbar->format(Array, 'html')
#6 C:\xampp\htdocs\cafein\app\Config\Events.php(48): CodeIgniter\Debug\Toolbar->respond()
#7 C:\xampp\htdocs\cafein\system\Events\Events.php(149): CodeIgniter\Events\Events::Config\{closure}()
#8 C:\xampp\htdocs\cafein\system\CodeIgniter.php(300): CodeIgniter\Events\Events::trigger('pre_system')
#9 C:\xampp\htdocs\cafein\index.php(37): CodeIgniter\CodeIgniter->run()
#10 {main}
CRITICAL - 2023-12-26 22:47:31 --> Unsupported operand types: null + string
#0 [internal function]: CodeIgniter\Debug\Toolbar::CodeIgniter\Debug\{closure}(Array, 0)
#1 C:\xampp\htdocs\cafein\system\Debug\Toolbar.php(270): array_walk(Array, Object(Closure))
#2 C:\xampp\htdocs\cafein\system\Debug\Toolbar.php(170): CodeIgniter\Debug\Toolbar->collectTimelineData(Array)
#3 C:\xampp\htdocs\cafein\system\Debug\Toolbar\Views\toolbar.tpl.php(96): CodeIgniter\Debug\Toolbar->renderTimeline(Array, 1703652451.6406, 6, 10, Array)
#4 C:\xampp\htdocs\cafein\system\Debug\Toolbar.php(497): include('C:\\xampp\\htdocs...')
#5 C:\xampp\htdocs\cafein\system\Debug\Toolbar.php(460): CodeIgniter\Debug\Toolbar->format(Array, 'html')
#6 C:\xampp\htdocs\cafein\app\Config\Events.php(48): CodeIgniter\Debug\Toolbar->respond()
#7 C:\xampp\htdocs\cafein\system\Events\Events.php(149): CodeIgniter\Events\Events::Config\{closure}()
#8 C:\xampp\htdocs\cafein\system\CodeIgniter.php(300): CodeIgniter\Events\Events::trigger('pre_system')
#9 C:\xampp\htdocs\cafein\index.php(37): CodeIgniter\CodeIgniter->run()
#10 {main}
CRITICAL - 2023-12-26 22:47:33 --> Unsupported operand types: null + string
#0 [internal function]: CodeIgniter\Debug\Toolbar::CodeIgniter\Debug\{closure}(Array, 0)
#1 C:\xampp\htdocs\cafein\system\Debug\Toolbar.php(270): array_walk(Array, Object(Closure))
#2 C:\xampp\htdocs\cafein\system\Debug\Toolbar.php(170): CodeIgniter\Debug\Toolbar->collectTimelineData(Array)
#3 C:\xampp\htdocs\cafein\system\Debug\Toolbar\Views\toolbar.tpl.php(96): CodeIgniter\Debug\Toolbar->renderTimeline(Array, 1703652452.8118, 6, 10, Array)
#4 C:\xampp\htdocs\cafein\system\Debug\Toolbar.php(497): include('C:\\xampp\\htdocs...')
#5 C:\xampp\htdocs\cafein\system\Debug\Toolbar.php(460): CodeIgniter\Debug\Toolbar->format(Array, 'html')
#6 C:\xampp\htdocs\cafein\app\Config\Events.php(48): CodeIgniter\Debug\Toolbar->respond()
#7 C:\xampp\htdocs\cafein\system\Events\Events.php(149): CodeIgniter\Events\Events::Config\{closure}()
#8 C:\xampp\htdocs\cafein\system\CodeIgniter.php(300): CodeIgniter\Events\Events::trigger('pre_system')
#9 C:\xampp\htdocs\cafein\index.php(37): CodeIgniter\CodeIgniter->run()
#10 {main}
CRITICAL - 2023-12-26 22:47:34 --> Unsupported operand types: null + string
#0 [internal function]: CodeIgniter\Debug\Toolbar::CodeIgniter\Debug\{closure}(Array, 0)
#1 C:\xampp\htdocs\cafein\system\Debug\Toolbar.php(270): array_walk(Array, Object(Closure))
#2 C:\xampp\htdocs\cafein\system\Debug\Toolbar.php(170): CodeIgniter\Debug\Toolbar->collectTimelineData(Array)
#3 C:\xampp\htdocs\cafein\system\Debug\Toolbar\Views\toolbar.tpl.php(96): CodeIgniter\Debug\Toolbar->renderTimeline(Array, 1703652453.771, 6, 10, Array)
#4 C:\xampp\htdocs\cafein\system\Debug\Toolbar.php(497): include('C:\\xampp\\htdocs...')
#5 C:\xampp\htdocs\cafein\system\Debug\Toolbar.php(460): CodeIgniter\Debug\Toolbar->format(Array, 'html')
#6 C:\xampp\htdocs\cafein\app\Config\Events.php(48): CodeIgniter\Debug\Toolbar->respond()
#7 C:\xampp\htdocs\cafein\system\Events\Events.php(149): CodeIgniter\Events\Events::Config\{closure}()
#8 C:\xampp\htdocs\cafein\system\CodeIgniter.php(300): CodeIgniter\Events\Events::trigger('pre_system')
#9 C:\xampp\htdocs\cafein\index.php(37): CodeIgniter\CodeIgniter->run()
#10 {main}
CRITICAL - 2023-12-26 22:47:36 --> Unsupported operand types: null + string
#0 [internal function]: CodeIgniter\Debug\Toolbar::CodeIgniter\Debug\{closure}(Array, 0)
#1 C:\xampp\htdocs\cafein\system\Debug\Toolbar.php(270): array_walk(Array, Object(Closure))
#2 C:\xampp\htdocs\cafein\system\Debug\Toolbar.php(170): CodeIgniter\Debug\Toolbar->collectTimelineData(Array)
#3 C:\xampp\htdocs\cafein\system\Debug\Toolbar\Views\toolbar.tpl.php(96): CodeIgniter\Debug\Toolbar->renderTimeline(Array, 1703652456.7352, 5, 10, Array)
#4 C:\xampp\htdocs\cafein\system\Debug\Toolbar.php(497): include('C:\\xampp\\htdocs...')
#5 C:\xampp\htdocs\cafein\system\Debug\Toolbar.php(460): CodeIgniter\Debug\Toolbar->format(Array, 'html')
#6 C:\xampp\htdocs\cafein\app\Config\Events.php(48): CodeIgniter\Debug\Toolbar->respond()
#7 C:\xampp\htdocs\cafein\system\Events\Events.php(149): CodeIgniter\Events\Events::Config\{closure}()
#8 C:\xampp\htdocs\cafein\system\CodeIgniter.php(300): CodeIgniter\Events\Events::trigger('pre_system')
#9 C:\xampp\htdocs\cafein\index.php(37): CodeIgniter\CodeIgniter->run()
#10 {main}
CRITICAL - 2023-12-26 22:47:37 --> Unsupported operand types: null + string
#0 [internal function]: CodeIgniter\Debug\Toolbar::CodeIgniter\Debug\{closure}(Array, 0)
#1 C:\xampp\htdocs\cafein\system\Debug\Toolbar.php(270): array_walk(Array, Object(Closure))
#2 C:\xampp\htdocs\cafein\system\Debug\Toolbar.php(170): CodeIgniter\Debug\Toolbar->collectTimelineData(Array)
#3 C:\xampp\htdocs\cafein\system\Debug\Toolbar\Views\toolbar.tpl.php(96): CodeIgniter\Debug\Toolbar->renderTimeline(Array, 1703652457.6161, 6, 10, Array)
#4 C:\xampp\htdocs\cafein\system\Debug\Toolbar.php(497): include('C:\\xampp\\htdocs...')
#5 C:\xampp\htdocs\cafein\system\Debug\Toolbar.php(460): CodeIgniter\Debug\Toolbar->format(Array, 'html')
#6 C:\xampp\htdocs\cafein\app\Config\Events.php(48): CodeIgniter\Debug\Toolbar->respond()
#7 C:\xampp\htdocs\cafein\system\Events\Events.php(149): CodeIgniter\Events\Events::Config\{closure}()
#8 C:\xampp\htdocs\cafein\system\CodeIgniter.php(300): CodeIgniter\Events\Events::trigger('pre_system')
#9 C:\xampp\htdocs\cafein\index.php(37): CodeIgniter\CodeIgniter->run()
#10 {main}
CRITICAL - 2023-12-26 22:47:38 --> Unsupported operand types: null + string
#0 [internal function]: CodeIgniter\Debug\Toolbar::CodeIgniter\Debug\{closure}(Array, 0)
#1 C:\xampp\htdocs\cafein\system\Debug\Toolbar.php(270): array_walk(Array, Object(Closure))
#2 C:\xampp\htdocs\cafein\system\Debug\Toolbar.php(170): CodeIgniter\Debug\Toolbar->collectTimelineData(Array)
#3 C:\xampp\htdocs\cafein\system\Debug\Toolbar\Views\toolbar.tpl.php(96): CodeIgniter\Debug\Toolbar->renderTimeline(Array, 1703652458.5244, 6, 10, Array)
#4 C:\xampp\htdocs\cafein\system\Debug\Toolbar.php(497): include('C:\\xampp\\htdocs...')
#5 C:\xampp\htdocs\cafein\system\Debug\Toolbar.php(460): CodeIgniter\Debug\Toolbar->format(Array, 'html')
#6 C:\xampp\htdocs\cafein\app\Config\Events.php(48): CodeIgniter\Debug\Toolbar->respond()
#7 C:\xampp\htdocs\cafein\system\Events\Events.php(149): CodeIgniter\Events\Events::Config\{closure}()
#8 C:\xampp\htdocs\cafein\system\CodeIgniter.php(300): CodeIgniter\Events\Events::trigger('pre_system')
#9 C:\xampp\htdocs\cafein\index.php(37): CodeIgniter\CodeIgniter->run()
#10 {main}
CRITICAL - 2023-12-26 22:47:39 --> Unsupported operand types: null + string
#0 [internal function]: CodeIgniter\Debug\Toolbar::CodeIgniter\Debug\{closure}(Array, 0)
#1 C:\xampp\htdocs\cafein\system\Debug\Toolbar.php(270): array_walk(Array, Object(Closure))
#2 C:\xampp\htdocs\cafein\system\Debug\Toolbar.php(170): CodeIgniter\Debug\Toolbar->collectTimelineData(Array)
#3 C:\xampp\htdocs\cafein\system\Debug\Toolbar\Views\toolbar.tpl.php(96): CodeIgniter\Debug\Toolbar->renderTimeline(Array, 1703652459.3325, 6, 10, Array)
#4 C:\xampp\htdocs\cafein\system\Debug\Toolbar.php(497): include('C:\\xampp\\htdocs...')
#5 C:\xampp\htdocs\cafein\system\Debug\Toolbar.php(460): CodeIgniter\Debug\Toolbar->format(Array, 'html')
#6 C:\xampp\htdocs\cafein\app\Config\Events.php(48): CodeIgniter\Debug\Toolbar->respond()
#7 C:\xampp\htdocs\cafein\system\Events\Events.php(149): CodeIgniter\Events\Events::Config\{closure}()
#8 C:\xampp\htdocs\cafein\system\CodeIgniter.php(300): CodeIgniter\Events\Events::trigger('pre_system')
#9 C:\xampp\htdocs\cafein\index.php(37): CodeIgniter\CodeIgniter->run()
#10 {main}
CRITICAL - 2023-12-26 23:06:51 --> Unsupported operand types: null + string
#0 [internal function]: CodeIgniter\Debug\Toolbar::CodeIgniter\Debug\{closure}(Array, 0)
#1 C:\xampp\htdocs\cafein\system\Debug\Toolbar.php(270): array_walk(Array, Object(Closure))
#2 C:\xampp\htdocs\cafein\system\Debug\Toolbar.php(170): CodeIgniter\Debug\Toolbar->collectTimelineData(Array)
#3 C:\xampp\htdocs\cafein\system\Debug\Toolbar\Views\toolbar.tpl.php(96): CodeIgniter\Debug\Toolbar->renderTimeline(Array, 1703653610.7986, 6, 15, Array)
#4 C:\xampp\htdocs\cafein\system\Debug\Toolbar.php(497): include('C:\\xampp\\htdocs...')
#5 C:\xampp\htdocs\cafein\system\Debug\Toolbar.php(460): CodeIgniter\Debug\Toolbar->format(Array, 'html')
#6 C:\xampp\htdocs\cafein\app\Config\Events.php(48): CodeIgniter\Debug\Toolbar->respond()
#7 C:\xampp\htdocs\cafein\system\Events\Events.php(149): CodeIgniter\Events\Events::Config\{closure}()
#8 C:\xampp\htdocs\cafein\system\CodeIgniter.php(300): CodeIgniter\Events\Events::trigger('pre_system')
#9 C:\xampp\htdocs\cafein\index.php(37): CodeIgniter\CodeIgniter->run()
#10 {main}
CRITICAL - 2023-12-26 23:07:09 --> Unsupported operand types: null + string
#0 [internal function]: CodeIgniter\Debug\Toolbar::CodeIgniter\Debug\{closure}(Array, 0)
#1 C:\xampp\htdocs\cafein\system\Debug\Toolbar.php(270): array_walk(Array, Object(Closure))
#2 C:\xampp\htdocs\cafein\system\Debug\Toolbar.php(170): CodeIgniter\Debug\Toolbar->collectTimelineData(Array)
#3 C:\xampp\htdocs\cafein\system\Debug\Toolbar\Views\toolbar.tpl.php(96): CodeIgniter\Debug\Toolbar->renderTimeline(Array, 1703653629.0206, 6, 10, Array)
#4 C:\xampp\htdocs\cafein\system\Debug\Toolbar.php(497): include('C:\\xampp\\htdocs...')
#5 C:\xampp\htdocs\cafein\system\Debug\Toolbar.php(460): CodeIgniter\Debug\Toolbar->format(Array, 'html')
#6 C:\xampp\htdocs\cafein\app\Config\Events.php(48): CodeIgniter\Debug\Toolbar->respond()
#7 C:\xampp\htdocs\cafein\system\Events\Events.php(149): CodeIgniter\Events\Events::Config\{closure}()
#8 C:\xampp\htdocs\cafein\system\CodeIgniter.php(300): CodeIgniter\Events\Events::trigger('pre_system')
#9 C:\xampp\htdocs\cafein\index.php(37): CodeIgniter\CodeIgniter->run()
#10 {main}
CRITICAL - 2023-12-26 23:07:10 --> Unsupported operand types: null + string
#0 [internal function]: CodeIgniter\Debug\Toolbar::CodeIgniter\Debug\{closure}(Array, 0)
#1 C:\xampp\htdocs\cafein\system\Debug\Toolbar.php(270): array_walk(Array, Object(Closure))
#2 C:\xampp\htdocs\cafein\system\Debug\Toolbar.php(170): CodeIgniter\Debug\Toolbar->collectTimelineData(Array)
#3 C:\xampp\htdocs\cafein\system\Debug\Toolbar\Views\toolbar.tpl.php(96): CodeIgniter\Debug\Toolbar->renderTimeline(Array, 1703653630.4705, 6, 20, Array)
#4 C:\xampp\htdocs\cafein\system\Debug\Toolbar.php(497): include('C:\\xampp\\htdocs...')
#5 C:\xampp\htdocs\cafein\system\Debug\Toolbar.php(460): CodeIgniter\Debug\Toolbar->format(Array, 'html')
#6 C:\xampp\htdocs\cafein\app\Config\Events.php(48): CodeIgniter\Debug\Toolbar->respond()
#7 C:\xampp\htdocs\cafein\system\Events\Events.php(149): CodeIgniter\Events\Events::Config\{closure}()
#8 C:\xampp\htdocs\cafein\system\CodeIgniter.php(300): CodeIgniter\Events\Events::trigger('pre_system')
#9 C:\xampp\htdocs\cafein\index.php(37): CodeIgniter\CodeIgniter->run()
#10 {main}
CRITICAL - 2023-12-26 23:07:12 --> Unsupported operand types: null + string
#0 [internal function]: CodeIgniter\Debug\Toolbar::CodeIgniter\Debug\{closure}(Array, 0)
#1 C:\xampp\htdocs\cafein\system\Debug\Toolbar.php(270): array_walk(Array, Object(Closure))
#2 C:\xampp\htdocs\cafein\system\Debug\Toolbar.php(170): CodeIgniter\Debug\Toolbar->collectTimelineData(Array)
#3 C:\xampp\htdocs\cafein\system\Debug\Toolbar\Views\toolbar.tpl.php(96): CodeIgniter\Debug\Toolbar->renderTimeline(Array, 1703653632.0517, 7, 10, Array)
#4 C:\xampp\htdocs\cafein\system\Debug\Toolbar.php(497): include('C:\\xampp\\htdocs...')
#5 C:\xampp\htdocs\cafein\system\Debug\Toolbar.php(460): CodeIgniter\Debug\Toolbar->format(Array, 'html')
#6 C:\xampp\htdocs\cafein\app\Config\Events.php(48): CodeIgniter\Debug\Toolbar->respond()
#7 C:\xampp\htdocs\cafein\system\Events\Events.php(149): CodeIgniter\Events\Events::Config\{closure}()
#8 C:\xampp\htdocs\cafein\system\CodeIgniter.php(300): CodeIgniter\Events\Events::trigger('pre_system')
#9 C:\xampp\htdocs\cafein\index.php(37): CodeIgniter\CodeIgniter->run()
#10 {main}
CRITICAL - 2023-12-26 23:09:00 --> Unsupported operand types: null + string
#0 [internal function]: CodeIgniter\Debug\Toolbar::CodeIgniter\Debug\{closure}(Array, 0)
#1 C:\xampp\htdocs\cafein\system\Debug\Toolbar.php(270): array_walk(Array, Object(Closure))
#2 C:\xampp\htdocs\cafein\system\Debug\Toolbar.php(170): CodeIgniter\Debug\Toolbar->collectTimelineData(Array)
#3 C:\xampp\htdocs\cafein\system\Debug\Toolbar\Views\toolbar.tpl.php(96): CodeIgniter\Debug\Toolbar->renderTimeline(Array, 1703653739.929, 7, 10, Array)
#4 C:\xampp\htdocs\cafein\system\Debug\Toolbar.php(497): include('C:\\xampp\\htdocs...')
#5 C:\xampp\htdocs\cafein\system\Debug\Toolbar.php(460): CodeIgniter\Debug\Toolbar->format(Array, 'html')
#6 C:\xampp\htdocs\cafein\app\Config\Events.php(48): CodeIgniter\Debug\Toolbar->respond()
#7 C:\xampp\htdocs\cafein\system\Events\Events.php(149): CodeIgniter\Events\Events::Config\{closure}()
#8 C:\xampp\htdocs\cafein\system\CodeIgniter.php(300): CodeIgniter\Events\Events::trigger('pre_system')
#9 C:\xampp\htdocs\cafein\index.php(37): CodeIgniter\CodeIgniter->run()
#10 {main}
CRITICAL - 2023-12-26 23:09:02 --> Unsupported operand types: null + string
#0 [internal function]: CodeIgniter\Debug\Toolbar::CodeIgniter\Debug\{closure}(Array, 0)
#1 C:\xampp\htdocs\cafein\system\Debug\Toolbar.php(270): array_walk(Array, Object(Closure))
#2 C:\xampp\htdocs\cafein\system\Debug\Toolbar.php(170): CodeIgniter\Debug\Toolbar->collectTimelineData(Array)
#3 C:\xampp\htdocs\cafein\system\Debug\Toolbar\Views\toolbar.tpl.php(96): CodeIgniter\Debug\Toolbar->renderTimeline(Array, 1703653742.3377, 7, 10, Array)
#4 C:\xampp\htdocs\cafein\system\Debug\Toolbar.php(497): include('C:\\xampp\\htdocs...')
#5 C:\xampp\htdocs\cafein\system\Debug\Toolbar.php(460): CodeIgniter\Debug\Toolbar->format(Array, 'html')
#6 C:\xampp\htdocs\cafein\app\Config\Events.php(48): CodeIgniter\Debug\Toolbar->respond()
#7 C:\xampp\htdocs\cafein\system\Events\Events.php(149): CodeIgniter\Events\Events::Config\{closure}()
#8 C:\xampp\htdocs\cafein\system\CodeIgniter.php(300): CodeIgniter\Events\Events::trigger('pre_system')
#9 C:\xampp\htdocs\cafein\index.php(37): CodeIgniter\CodeIgniter->run()
#10 {main}
