CRITICAL - 2023-12-19 11:19:55 --> Unsupported operand types: null + string
#0 [internal function]: CodeIgniter\Debug\Toolbar::CodeIgniter\Debug\{closure}(Array, 0)
#1 C:\xampp\htdocs\cafein\system\Debug\Toolbar.php(270): array_walk(Array, Object(Closure))
#2 C:\xampp\htdocs\cafein\system\Debug\Toolbar.php(170): CodeIgniter\Debug\Toolbar->collectTimelineData(Array)
#3 C:\xampp\htdocs\cafein\system\Debug\Toolbar\Views\toolbar.tpl.php(96): CodeIgniter\Debug\Toolbar->renderTimeline(Array, 1703006394.7715, 6, 15, Array)
#4 C:\xampp\htdocs\cafein\system\Debug\Toolbar.php(497): include('C:\\xampp\\htdocs...')
#5 C:\xampp\htdocs\cafein\system\Debug\Toolbar.php(460): CodeIgniter\Debug\Toolbar->format(Array, 'html')
#6 C:\xampp\htdocs\cafein\app\Config\Events.php(48): CodeIgniter\Debug\Toolbar->respond()
#7 C:\xampp\htdocs\cafein\system\Events\Events.php(149): CodeIgniter\Events\Events::Config\{closure}()
#8 C:\xampp\htdocs\cafein\system\CodeIgniter.php(300): CodeIgniter\Events\Events::trigger('pre_system')
#9 C:\xampp\htdocs\cafein\index.php(37): CodeIgniter\CodeIgniter->run()
#10 {main}
CRITICAL - 2023-12-19 11:37:18 --> Unsupported operand types: null + string
#0 [internal function]: CodeIgniter\Debug\Toolbar::CodeIgniter\Debug\{closure}(Array, 0)
#1 C:\xampp\htdocs\cafein\system\Debug\Toolbar.php(270): array_walk(Array, Object(Closure))
#2 C:\xampp\htdocs\cafein\system\Debug\Toolbar.php(170): CodeIgniter\Debug\Toolbar->collectTimelineData(Array)
#3 C:\xampp\htdocs\cafein\system\Debug\Toolbar\Views\toolbar.tpl.php(96): CodeIgniter\Debug\Toolbar->renderTimeline(Array, 1703007437.7974, 5, 10, Array)
#4 C:\xampp\htdocs\cafein\system\Debug\Toolbar.php(497): include('C:\\xampp\\htdocs...')
#5 C:\xampp\htdocs\cafein\system\Debug\Toolbar.php(460): CodeIgniter\Debug\Toolbar->format(Array, 'html')
#6 C:\xampp\htdocs\cafein\app\Config\Events.php(48): CodeIgniter\Debug\Toolbar->respond()
#7 C:\xampp\htdocs\cafein\system\Events\Events.php(149): CodeIgniter\Events\Events::Config\{closure}()
#8 C:\xampp\htdocs\cafein\system\CodeIgniter.php(300): CodeIgniter\Events\Events::trigger('pre_system')
#9 C:\xampp\htdocs\cafein\index.php(37): CodeIgniter\CodeIgniter->run()
#10 {main}
CRITICAL - 2023-12-19 11:37:43 --> Unsupported operand types: null + string
#0 [internal function]: CodeIgniter\Debug\Toolbar::CodeIgniter\Debug\{closure}(Array, 0)
#1 C:\xampp\htdocs\cafein\system\Debug\Toolbar.php(270): array_walk(Array, Object(Closure))
#2 C:\xampp\htdocs\cafein\system\Debug\Toolbar.php(170): CodeIgniter\Debug\Toolbar->collectTimelineData(Array)
#3 C:\xampp\htdocs\cafein\system\Debug\Toolbar\Views\toolbar.tpl.php(96): CodeIgniter\Debug\Toolbar->renderTimeline(Array, 1703007463.386, 7, 10, Array)
#4 C:\xampp\htdocs\cafein\system\Debug\Toolbar.php(497): include('C:\\xampp\\htdocs...')
#5 C:\xampp\htdocs\cafein\system\Debug\Toolbar.php(460): CodeIgniter\Debug\Toolbar->format(Array, 'html')
#6 C:\xampp\htdocs\cafein\app\Config\Events.php(48): CodeIgniter\Debug\Toolbar->respond()
#7 C:\xampp\htdocs\cafein\system\Events\Events.php(149): CodeIgniter\Events\Events::Config\{closure}()
#8 C:\xampp\htdocs\cafein\system\CodeIgniter.php(300): CodeIgniter\Events\Events::trigger('pre_system')
#9 C:\xampp\htdocs\cafein\index.php(37): CodeIgniter\CodeIgniter->run()
#10 {main}
CRITICAL - 2023-12-19 11:37:44 --> Unsupported operand types: null + string
#0 [internal function]: CodeIgniter\Debug\Toolbar::CodeIgniter\Debug\{closure}(Array, 0)
#1 C:\xampp\htdocs\cafein\system\Debug\Toolbar.php(270): array_walk(Array, Object(Closure))
#2 C:\xampp\htdocs\cafein\system\Debug\Toolbar.php(170): CodeIgniter\Debug\Toolbar->collectTimelineData(Array)
#3 C:\xampp\htdocs\cafein\system\Debug\Toolbar\Views\toolbar.tpl.php(96): CodeIgniter\Debug\Toolbar->renderTimeline(Array, 1703007464.2216, 7, 10, Array)
#4 C:\xampp\htdocs\cafein\system\Debug\Toolbar.php(497): include('C:\\xampp\\htdocs...')
#5 C:\xampp\htdocs\cafein\system\Debug\Toolbar.php(460): CodeIgniter\Debug\Toolbar->format(Array, 'html')
#6 C:\xampp\htdocs\cafein\app\Config\Events.php(48): CodeIgniter\Debug\Toolbar->respond()
#7 C:\xampp\htdocs\cafein\system\Events\Events.php(149): CodeIgniter\Events\Events::Config\{closure}()
#8 C:\xampp\htdocs\cafein\system\CodeIgniter.php(300): CodeIgniter\Events\Events::trigger('pre_system')
#9 C:\xampp\htdocs\cafein\index.php(37): CodeIgniter\CodeIgniter->run()
#10 {main}
CRITICAL - 2023-12-19 11:37:46 --> Unsupported operand types: null + string
#0 [internal function]: CodeIgniter\Debug\Toolbar::CodeIgniter\Debug\{closure}(Array, 0)
#1 C:\xampp\htdocs\cafein\system\Debug\Toolbar.php(270): array_walk(Array, Object(Closure))
#2 C:\xampp\htdocs\cafein\system\Debug\Toolbar.php(170): CodeIgniter\Debug\Toolbar->collectTimelineData(Array)
#3 C:\xampp\htdocs\cafein\system\Debug\Toolbar\Views\toolbar.tpl.php(96): CodeIgniter\Debug\Toolbar->renderTimeline(Array, 1703007466.4774, 5, 15, Array)
#4 C:\xampp\htdocs\cafein\system\Debug\Toolbar.php(497): include('C:\\xampp\\htdocs...')
#5 C:\xampp\htdocs\cafein\system\Debug\Toolbar.php(460): CodeIgniter\Debug\Toolbar->format(Array, 'html')
#6 C:\xampp\htdocs\cafein\app\Config\Events.php(48): CodeIgniter\Debug\Toolbar->respond()
#7 C:\xampp\htdocs\cafein\system\Events\Events.php(149): CodeIgniter\Events\Events::Config\{closure}()
#8 C:\xampp\htdocs\cafein\system\CodeIgniter.php(300): CodeIgniter\Events\Events::trigger('pre_system')
#9 C:\xampp\htdocs\cafein\index.php(37): CodeIgniter\CodeIgniter->run()
#10 {main}
CRITICAL - 2023-12-19 11:37:47 --> Unsupported operand types: null + string
#0 [internal function]: CodeIgniter\Debug\Toolbar::CodeIgniter\Debug\{closure}(Array, 0)
#1 C:\xampp\htdocs\cafein\system\Debug\Toolbar.php(270): array_walk(Array, Object(Closure))
#2 C:\xampp\htdocs\cafein\system\Debug\Toolbar.php(170): CodeIgniter\Debug\Toolbar->collectTimelineData(Array)
#3 C:\xampp\htdocs\cafein\system\Debug\Toolbar\Views\toolbar.tpl.php(96): CodeIgniter\Debug\Toolbar->renderTimeline(Array, 1703007467.4624, 7, 10, Array)
#4 C:\xampp\htdocs\cafein\system\Debug\Toolbar.php(497): include('C:\\xampp\\htdocs...')
#5 C:\xampp\htdocs\cafein\system\Debug\Toolbar.php(460): CodeIgniter\Debug\Toolbar->format(Array, 'html')
#6 C:\xampp\htdocs\cafein\app\Config\Events.php(48): CodeIgniter\Debug\Toolbar->respond()
#7 C:\xampp\htdocs\cafein\system\Events\Events.php(149): CodeIgniter\Events\Events::Config\{closure}()
#8 C:\xampp\htdocs\cafein\system\CodeIgniter.php(300): CodeIgniter\Events\Events::trigger('pre_system')
#9 C:\xampp\htdocs\cafein\index.php(37): CodeIgniter\CodeIgniter->run()
#10 {main}
CRITICAL - 2023-12-19 11:37:49 --> Unsupported operand types: null + string
#0 [internal function]: CodeIgniter\Debug\Toolbar::CodeIgniter\Debug\{closure}(Array, 0)
#1 C:\xampp\htdocs\cafein\system\Debug\Toolbar.php(270): array_walk(Array, Object(Closure))
#2 C:\xampp\htdocs\cafein\system\Debug\Toolbar.php(170): CodeIgniter\Debug\Toolbar->collectTimelineData(Array)
#3 C:\xampp\htdocs\cafein\system\Debug\Toolbar\Views\toolbar.tpl.php(96): CodeIgniter\Debug\Toolbar->renderTimeline(Array, 1703007469.7464, 7, 10, Array)
#4 C:\xampp\htdocs\cafein\system\Debug\Toolbar.php(497): include('C:\\xampp\\htdocs...')
#5 C:\xampp\htdocs\cafein\system\Debug\Toolbar.php(460): CodeIgniter\Debug\Toolbar->format(Array, 'html')
#6 C:\xampp\htdocs\cafein\app\Config\Events.php(48): CodeIgniter\Debug\Toolbar->respond()
#7 C:\xampp\htdocs\cafein\system\Events\Events.php(149): CodeIgniter\Events\Events::Config\{closure}()
#8 C:\xampp\htdocs\cafein\system\CodeIgniter.php(300): CodeIgniter\Events\Events::trigger('pre_system')
#9 C:\xampp\htdocs\cafein\index.php(37): CodeIgniter\CodeIgniter->run()
#10 {main}
CRITICAL - 2023-12-19 11:37:52 --> Unsupported operand types: null + string
#0 [internal function]: CodeIgniter\Debug\Toolbar::CodeIgniter\Debug\{closure}(Array, 0)
#1 C:\xampp\htdocs\cafein\system\Debug\Toolbar.php(270): array_walk(Array, Object(Closure))
#2 C:\xampp\htdocs\cafein\system\Debug\Toolbar.php(170): CodeIgniter\Debug\Toolbar->collectTimelineData(Array)
#3 C:\xampp\htdocs\cafein\system\Debug\Toolbar\Views\toolbar.tpl.php(96): CodeIgniter\Debug\Toolbar->renderTimeline(Array, 1703007471.9117, 7, 10, Array)
#4 C:\xampp\htdocs\cafein\system\Debug\Toolbar.php(497): include('C:\\xampp\\htdocs...')
#5 C:\xampp\htdocs\cafein\system\Debug\Toolbar.php(460): CodeIgniter\Debug\Toolbar->format(Array, 'html')
#6 C:\xampp\htdocs\cafein\app\Config\Events.php(48): CodeIgniter\Debug\Toolbar->respond()
#7 C:\xampp\htdocs\cafein\system\Events\Events.php(149): CodeIgniter\Events\Events::Config\{closure}()
#8 C:\xampp\htdocs\cafein\system\CodeIgniter.php(300): CodeIgniter\Events\Events::trigger('pre_system')
#9 C:\xampp\htdocs\cafein\index.php(37): CodeIgniter\CodeIgniter->run()
#10 {main}
CRITICAL - 2023-12-19 11:40:04 --> Unsupported operand types: null + string
#0 [internal function]: CodeIgniter\Debug\Toolbar::CodeIgniter\Debug\{closure}(Array, 0)
#1 C:\xampp\htdocs\cafein\system\Debug\Toolbar.php(270): array_walk(Array, Object(Closure))
#2 C:\xampp\htdocs\cafein\system\Debug\Toolbar.php(170): CodeIgniter\Debug\Toolbar->collectTimelineData(Array)
#3 C:\xampp\htdocs\cafein\system\Debug\Toolbar\Views\toolbar.tpl.php(96): CodeIgniter\Debug\Toolbar->renderTimeline(Array, 1703007603.8462, 5, 10, Array)
#4 C:\xampp\htdocs\cafein\system\Debug\Toolbar.php(497): include('C:\\xampp\\htdocs...')
#5 C:\xampp\htdocs\cafein\system\Debug\Toolbar.php(460): CodeIgniter\Debug\Toolbar->format(Array, 'html')
#6 C:\xampp\htdocs\cafein\app\Config\Events.php(48): CodeIgniter\Debug\Toolbar->respond()
#7 C:\xampp\htdocs\cafein\system\Events\Events.php(149): CodeIgniter\Events\Events::Config\{closure}()
#8 C:\xampp\htdocs\cafein\system\CodeIgniter.php(300): CodeIgniter\Events\Events::trigger('pre_system')
#9 C:\xampp\htdocs\cafein\index.php(37): CodeIgniter\CodeIgniter->run()
#10 {main}
CRITICAL - 2023-12-19 11:40:18 --> Unsupported operand types: null + string
#0 [internal function]: CodeIgniter\Debug\Toolbar::CodeIgniter\Debug\{closure}(Array, 0)
#1 C:\xampp\htdocs\cafein\system\Debug\Toolbar.php(270): array_walk(Array, Object(Closure))
#2 C:\xampp\htdocs\cafein\system\Debug\Toolbar.php(170): CodeIgniter\Debug\Toolbar->collectTimelineData(Array)
#3 C:\xampp\htdocs\cafein\system\Debug\Toolbar\Views\toolbar.tpl.php(96): CodeIgniter\Debug\Toolbar->renderTimeline(Array, 1703007618.3426, 7, 10, Array)
#4 C:\xampp\htdocs\cafein\system\Debug\Toolbar.php(497): include('C:\\xampp\\htdocs...')
#5 C:\xampp\htdocs\cafein\system\Debug\Toolbar.php(460): CodeIgniter\Debug\Toolbar->format(Array, 'html')
#6 C:\xampp\htdocs\cafein\app\Config\Events.php(48): CodeIgniter\Debug\Toolbar->respond()
#7 C:\xampp\htdocs\cafein\system\Events\Events.php(149): CodeIgniter\Events\Events::Config\{closure}()
#8 C:\xampp\htdocs\cafein\system\CodeIgniter.php(300): CodeIgniter\Events\Events::trigger('pre_system')
#9 C:\xampp\htdocs\cafein\index.php(37): CodeIgniter\CodeIgniter->run()
#10 {main}
CRITICAL - 2023-12-19 11:40:19 --> Unsupported operand types: null + string
#0 [internal function]: CodeIgniter\Debug\Toolbar::CodeIgniter\Debug\{closure}(Array, 0)
#1 C:\xampp\htdocs\cafein\system\Debug\Toolbar.php(270): array_walk(Array, Object(Closure))
#2 C:\xampp\htdocs\cafein\system\Debug\Toolbar.php(170): CodeIgniter\Debug\Toolbar->collectTimelineData(Array)
#3 C:\xampp\htdocs\cafein\system\Debug\Toolbar\Views\toolbar.tpl.php(96): CodeIgniter\Debug\Toolbar->renderTimeline(Array, 1703007618.8062, 6, 10, Array)
#4 C:\xampp\htdocs\cafein\system\Debug\Toolbar.php(497): include('C:\\xampp\\htdocs...')
#5 C:\xampp\htdocs\cafein\system\Debug\Toolbar.php(460): CodeIgniter\Debug\Toolbar->format(Array, 'html')
#6 C:\xampp\htdocs\cafein\app\Config\Events.php(48): CodeIgniter\Debug\Toolbar->respond()
#7 C:\xampp\htdocs\cafein\system\Events\Events.php(149): CodeIgniter\Events\Events::Config\{closure}()
#8 C:\xampp\htdocs\cafein\system\CodeIgniter.php(300): CodeIgniter\Events\Events::trigger('pre_system')
#9 C:\xampp\htdocs\cafein\index.php(37): CodeIgniter\CodeIgniter->run()
#10 {main}
CRITICAL - 2023-12-19 11:40:19 --> Unsupported operand types: null + string
#0 [internal function]: CodeIgniter\Debug\Toolbar::CodeIgniter\Debug\{closure}(Array, 0)
#1 C:\xampp\htdocs\cafein\system\Debug\Toolbar.php(270): array_walk(Array, Object(Closure))
#2 C:\xampp\htdocs\cafein\system\Debug\Toolbar.php(170): CodeIgniter\Debug\Toolbar->collectTimelineData(Array)
#3 C:\xampp\htdocs\cafein\system\Debug\Toolbar\Views\toolbar.tpl.php(96): CodeIgniter\Debug\Toolbar->renderTimeline(Array, 1703007619.4195, 7, 10, Array)
#4 C:\xampp\htdocs\cafein\system\Debug\Toolbar.php(497): include('C:\\xampp\\htdocs...')
#5 C:\xampp\htdocs\cafein\system\Debug\Toolbar.php(460): CodeIgniter\Debug\Toolbar->format(Array, 'html')
#6 C:\xampp\htdocs\cafein\app\Config\Events.php(48): CodeIgniter\Debug\Toolbar->respond()
#7 C:\xampp\htdocs\cafein\system\Events\Events.php(149): CodeIgniter\Events\Events::Config\{closure}()
#8 C:\xampp\htdocs\cafein\system\CodeIgniter.php(300): CodeIgniter\Events\Events::trigger('pre_system')
#9 C:\xampp\htdocs\cafein\index.php(37): CodeIgniter\CodeIgniter->run()
#10 {main}
CRITICAL - 2023-12-19 11:40:26 --> Unsupported operand types: null + string
#0 [internal function]: CodeIgniter\Debug\Toolbar::CodeIgniter\Debug\{closure}(Array, 0)
#1 C:\xampp\htdocs\cafein\system\Debug\Toolbar.php(270): array_walk(Array, Object(Closure))
#2 C:\xampp\htdocs\cafein\system\Debug\Toolbar.php(170): CodeIgniter\Debug\Toolbar->collectTimelineData(Array)
#3 C:\xampp\htdocs\cafein\system\Debug\Toolbar\Views\toolbar.tpl.php(96): CodeIgniter\Debug\Toolbar->renderTimeline(Array, 1703007626.0392, 7, 10, Array)
#4 C:\xampp\htdocs\cafein\system\Debug\Toolbar.php(497): include('C:\\xampp\\htdocs...')
#5 C:\xampp\htdocs\cafein\system\Debug\Toolbar.php(460): CodeIgniter\Debug\Toolbar->format(Array, 'html')
#6 C:\xampp\htdocs\cafein\app\Config\Events.php(48): CodeIgniter\Debug\Toolbar->respond()
#7 C:\xampp\htdocs\cafein\system\Events\Events.php(149): CodeIgniter\Events\Events::Config\{closure}()
#8 C:\xampp\htdocs\cafein\system\CodeIgniter.php(300): CodeIgniter\Events\Events::trigger('pre_system')
#9 C:\xampp\htdocs\cafein\index.php(37): CodeIgniter\CodeIgniter->run()
#10 {main}
CRITICAL - 2023-12-19 11:40:37 --> Unsupported operand types: null + string
#0 [internal function]: CodeIgniter\Debug\Toolbar::CodeIgniter\Debug\{closure}(Array, 0)
#1 C:\xampp\htdocs\cafein\system\Debug\Toolbar.php(270): array_walk(Array, Object(Closure))
#2 C:\xampp\htdocs\cafein\system\Debug\Toolbar.php(170): CodeIgniter\Debug\Toolbar->collectTimelineData(Array)
#3 C:\xampp\htdocs\cafein\system\Debug\Toolbar\Views\toolbar.tpl.php(96): CodeIgniter\Debug\Toolbar->renderTimeline(Array, 1703007637.5681, 7, 10, Array)
#4 C:\xampp\htdocs\cafein\system\Debug\Toolbar.php(497): include('C:\\xampp\\htdocs...')
#5 C:\xampp\htdocs\cafein\system\Debug\Toolbar.php(460): CodeIgniter\Debug\Toolbar->format(Array, 'html')
#6 C:\xampp\htdocs\cafein\app\Config\Events.php(48): CodeIgniter\Debug\Toolbar->respond()
#7 C:\xampp\htdocs\cafein\system\Events\Events.php(149): CodeIgniter\Events\Events::Config\{closure}()
#8 C:\xampp\htdocs\cafein\system\CodeIgniter.php(300): CodeIgniter\Events\Events::trigger('pre_system')
#9 C:\xampp\htdocs\cafein\index.php(37): CodeIgniter\CodeIgniter->run()
#10 {main}
CRITICAL - 2023-12-19 12:03:56 --> Unsupported operand types: null + string
#0 [internal function]: CodeIgniter\Debug\Toolbar::CodeIgniter\Debug\{closure}(Array, 0)
#1 C:\xampp\htdocs\cafein\system\Debug\Toolbar.php(270): array_walk(Array, Object(Closure))
#2 C:\xampp\htdocs\cafein\system\Debug\Toolbar.php(170): CodeIgniter\Debug\Toolbar->collectTimelineData(Array)
#3 C:\xampp\htdocs\cafein\system\Debug\Toolbar\Views\toolbar.tpl.php(96): CodeIgniter\Debug\Toolbar->renderTimeline(Array, 1703009036.4302, 5, 10, Array)
#4 C:\xampp\htdocs\cafein\system\Debug\Toolbar.php(497): include('C:\\xampp\\htdocs...')
#5 C:\xampp\htdocs\cafein\system\Debug\Toolbar.php(460): CodeIgniter\Debug\Toolbar->format(Array, 'html')
#6 C:\xampp\htdocs\cafein\app\Config\Events.php(48): CodeIgniter\Debug\Toolbar->respond()
#7 C:\xampp\htdocs\cafein\system\Events\Events.php(149): CodeIgniter\Events\Events::Config\{closure}()
#8 C:\xampp\htdocs\cafein\system\CodeIgniter.php(300): CodeIgniter\Events\Events::trigger('pre_system')
#9 C:\xampp\htdocs\cafein\index.php(37): CodeIgniter\CodeIgniter->run()
#10 {main}
CRITICAL - 2023-12-19 12:04:08 --> Unsupported operand types: null + string
#0 [internal function]: CodeIgniter\Debug\Toolbar::CodeIgniter\Debug\{closure}(Array, 0)
#1 C:\xampp\htdocs\cafein\system\Debug\Toolbar.php(270): array_walk(Array, Object(Closure))
#2 C:\xampp\htdocs\cafein\system\Debug\Toolbar.php(170): CodeIgniter\Debug\Toolbar->collectTimelineData(Array)
#3 C:\xampp\htdocs\cafein\system\Debug\Toolbar\Views\toolbar.tpl.php(96): CodeIgniter\Debug\Toolbar->renderTimeline(Array, 1703009047.9158, 5, 10, Array)
#4 C:\xampp\htdocs\cafein\system\Debug\Toolbar.php(497): include('C:\\xampp\\htdocs...')
#5 C:\xampp\htdocs\cafein\system\Debug\Toolbar.php(460): CodeIgniter\Debug\Toolbar->format(Array, 'html')
#6 C:\xampp\htdocs\cafein\app\Config\Events.php(48): CodeIgniter\Debug\Toolbar->respond()
#7 C:\xampp\htdocs\cafein\system\Events\Events.php(149): CodeIgniter\Events\Events::Config\{closure}()
#8 C:\xampp\htdocs\cafein\system\CodeIgniter.php(300): CodeIgniter\Events\Events::trigger('pre_system')
#9 C:\xampp\htdocs\cafein\index.php(37): CodeIgniter\CodeIgniter->run()
#10 {main}
CRITICAL - 2023-12-19 12:33:51 --> Undefined variable $i
#0 C:\xampp\htdocs\cafein\app\Views\dashboard.php(24): CodeIgniter\Debug\Exceptions->errorHandler(2, 'Undefined varia...', 'C:\\xampp\\htdocs...', 24)
#1 C:\xampp\htdocs\cafein\system\View\View.php(214): include('C:\\xampp\\htdocs...')
#2 C:\xampp\htdocs\cafein\system\View\View.php(217): CodeIgniter\View\View->CodeIgniter\View\{closure}()
#3 C:\xampp\htdocs\cafein\system\Common.php(1097): CodeIgniter\View\View->render('dashboard', Array, true)
#4 C:\xampp\htdocs\cafein\app\Controllers\Dashboard.php(38): view('dashboard', Array)
#5 C:\xampp\htdocs\cafein\system\CodeIgniter.php(824): App\Controllers\Dashboard->index()
#6 C:\xampp\htdocs\cafein\system\CodeIgniter.php(410): CodeIgniter\CodeIgniter->runController(Object(App\Controllers\Dashboard))
#7 C:\xampp\htdocs\cafein\system\CodeIgniter.php(318): CodeIgniter\CodeIgniter->handleRequest(NULL, Object(Config\Cache), false)
#8 C:\xampp\htdocs\cafein\index.php(37): CodeIgniter\CodeIgniter->run()
#9 {main}
CRITICAL - 2023-12-19 12:34:55 --> Undefined variable $i
#0 C:\xampp\htdocs\cafein\app\Views\dashboard.php(54): CodeIgniter\Debug\Exceptions->errorHandler(2, 'Undefined varia...', 'C:\\xampp\\htdocs...', 54)
#1 C:\xampp\htdocs\cafein\system\View\View.php(214): include('C:\\xampp\\htdocs...')
#2 C:\xampp\htdocs\cafein\system\View\View.php(217): CodeIgniter\View\View->CodeIgniter\View\{closure}()
#3 C:\xampp\htdocs\cafein\system\Common.php(1097): CodeIgniter\View\View->render('dashboard', Array, true)
#4 C:\xampp\htdocs\cafein\app\Controllers\Dashboard.php(38): view('dashboard', Array)
#5 C:\xampp\htdocs\cafein\system\CodeIgniter.php(824): App\Controllers\Dashboard->index()
#6 C:\xampp\htdocs\cafein\system\CodeIgniter.php(410): CodeIgniter\CodeIgniter->runController(Object(App\Controllers\Dashboard))
#7 C:\xampp\htdocs\cafein\system\CodeIgniter.php(318): CodeIgniter\CodeIgniter->handleRequest(NULL, Object(Config\Cache), false)
#8 C:\xampp\htdocs\cafein\index.php(37): CodeIgniter\CodeIgniter->run()
#9 {main}
