CRITICAL - 2023-11-10 00:48:46 --> Unsupported operand types: null + string
#0 [internal function]: CodeIgniter\Debug\Toolbar::CodeIgniter\Debug\{closure}(Array, 0)
#1 C:\xampp\htdocs\cafein\system\Debug\Toolbar.php(270): array_walk(Array, Object(Closure))
#2 C:\xampp\htdocs\cafein\system\Debug\Toolbar.php(170): CodeIgniter\Debug\Toolbar->collectTimelineData(Array)
#3 C:\xampp\htdocs\cafein\system\Debug\Toolbar\Views\toolbar.tpl.php(96): CodeIgniter\Debug\Toolbar->renderTimeline(Array, 1699598926.5188, 5, 10, Array)
#4 C:\xampp\htdocs\cafein\system\Debug\Toolbar.php(497): include('C:\\xampp\\htdocs...')
#5 C:\xampp\htdocs\cafein\system\Debug\Toolbar.php(460): CodeIgniter\Debug\Toolbar->format(Array, 'html')
#6 C:\xampp\htdocs\cafein\app\Config\Events.php(48): CodeIgniter\Debug\Toolbar->respond()
#7 C:\xampp\htdocs\cafein\system\Events\Events.php(149): CodeIgniter\Events\Events::Config\{closure}()
#8 C:\xampp\htdocs\cafein\system\CodeIgniter.php(300): CodeIgniter\Events\Events::trigger('pre_system')
#9 C:\xampp\htdocs\cafein\index.php(37): CodeIgniter\CodeIgniter->run()
#10 {main}
CRITICAL - 2023-11-10 00:48:56 --> Unsupported operand types: null + string
#0 [internal function]: CodeIgniter\Debug\Toolbar::CodeIgniter\Debug\{closure}(Array, 0)
#1 C:\xampp\htdocs\cafein\system\Debug\Toolbar.php(270): array_walk(Array, Object(Closure))
#2 C:\xampp\htdocs\cafein\system\Debug\Toolbar.php(170): CodeIgniter\Debug\Toolbar->collectTimelineData(Array)
#3 C:\xampp\htdocs\cafein\system\Debug\Toolbar\Views\toolbar.tpl.php(96): CodeIgniter\Debug\Toolbar->renderTimeline(Array, 1699598936.5269, 5, 10, Array)
#4 C:\xampp\htdocs\cafein\system\Debug\Toolbar.php(497): include('C:\\xampp\\htdocs...')
#5 C:\xampp\htdocs\cafein\system\Debug\Toolbar.php(460): CodeIgniter\Debug\Toolbar->format(Array, 'html')
#6 C:\xampp\htdocs\cafein\app\Config\Events.php(48): CodeIgniter\Debug\Toolbar->respond()
#7 C:\xampp\htdocs\cafein\system\Events\Events.php(149): CodeIgniter\Events\Events::Config\{closure}()
#8 C:\xampp\htdocs\cafein\system\CodeIgniter.php(300): CodeIgniter\Events\Events::trigger('pre_system')
#9 C:\xampp\htdocs\cafein\index.php(37): CodeIgniter\CodeIgniter->run()
#10 {main}
CRITICAL - 2023-11-10 00:49:20 --> Unsupported operand types: null + string
#0 [internal function]: CodeIgniter\Debug\Toolbar::CodeIgniter\Debug\{closure}(Array, 0)
#1 C:\xampp\htdocs\cafein\system\Debug\Toolbar.php(270): array_walk(Array, Object(Closure))
#2 C:\xampp\htdocs\cafein\system\Debug\Toolbar.php(170): CodeIgniter\Debug\Toolbar->collectTimelineData(Array)
#3 C:\xampp\htdocs\cafein\system\Debug\Toolbar\Views\toolbar.tpl.php(96): CodeIgniter\Debug\Toolbar->renderTimeline(Array, 1699598960.6218, 5, 10, Array)
#4 C:\xampp\htdocs\cafein\system\Debug\Toolbar.php(497): include('C:\\xampp\\htdocs...')
#5 C:\xampp\htdocs\cafein\system\Debug\Toolbar.php(460): CodeIgniter\Debug\Toolbar->format(Array, 'html')
#6 C:\xampp\htdocs\cafein\app\Config\Events.php(48): CodeIgniter\Debug\Toolbar->respond()
#7 C:\xampp\htdocs\cafein\system\Events\Events.php(149): CodeIgniter\Events\Events::Config\{closure}()
#8 C:\xampp\htdocs\cafein\system\CodeIgniter.php(300): CodeIgniter\Events\Events::trigger('pre_system')
#9 C:\xampp\htdocs\cafein\index.php(37): CodeIgniter\CodeIgniter->run()
#10 {main}
CRITICAL - 2023-11-10 00:49:28 --> Unsupported operand types: null + string
#0 [internal function]: CodeIgniter\Debug\Toolbar::CodeIgniter\Debug\{closure}(Array, 0)
#1 C:\xampp\htdocs\cafein\system\Debug\Toolbar.php(270): array_walk(Array, Object(Closure))
#2 C:\xampp\htdocs\cafein\system\Debug\Toolbar.php(170): CodeIgniter\Debug\Toolbar->collectTimelineData(Array)
#3 C:\xampp\htdocs\cafein\system\Debug\Toolbar\Views\toolbar.tpl.php(96): CodeIgniter\Debug\Toolbar->renderTimeline(Array, 1699598968.6611, 5, 10, Array)
#4 C:\xampp\htdocs\cafein\system\Debug\Toolbar.php(497): include('C:\\xampp\\htdocs...')
#5 C:\xampp\htdocs\cafein\system\Debug\Toolbar.php(460): CodeIgniter\Debug\Toolbar->format(Array, 'html')
#6 C:\xampp\htdocs\cafein\app\Config\Events.php(48): CodeIgniter\Debug\Toolbar->respond()
#7 C:\xampp\htdocs\cafein\system\Events\Events.php(149): CodeIgniter\Events\Events::Config\{closure}()
#8 C:\xampp\htdocs\cafein\system\CodeIgniter.php(300): CodeIgniter\Events\Events::trigger('pre_system')
#9 C:\xampp\htdocs\cafein\index.php(37): CodeIgniter\CodeIgniter->run()
#10 {main}
CRITICAL - 2023-11-10 00:49:37 --> Unsupported operand types: null + string
#0 [internal function]: CodeIgniter\Debug\Toolbar::CodeIgniter\Debug\{closure}(Array, 0)
#1 C:\xampp\htdocs\cafein\system\Debug\Toolbar.php(270): array_walk(Array, Object(Closure))
#2 C:\xampp\htdocs\cafein\system\Debug\Toolbar.php(170): CodeIgniter\Debug\Toolbar->collectTimelineData(Array)
#3 C:\xampp\htdocs\cafein\system\Debug\Toolbar\Views\toolbar.tpl.php(96): CodeIgniter\Debug\Toolbar->renderTimeline(Array, 1699598977.3908, 5, 10, Array)
#4 C:\xampp\htdocs\cafein\system\Debug\Toolbar.php(497): include('C:\\xampp\\htdocs...')
#5 C:\xampp\htdocs\cafein\system\Debug\Toolbar.php(460): CodeIgniter\Debug\Toolbar->format(Array, 'html')
#6 C:\xampp\htdocs\cafein\app\Config\Events.php(48): CodeIgniter\Debug\Toolbar->respond()
#7 C:\xampp\htdocs\cafein\system\Events\Events.php(149): CodeIgniter\Events\Events::Config\{closure}()
#8 C:\xampp\htdocs\cafein\system\CodeIgniter.php(300): CodeIgniter\Events\Events::trigger('pre_system')
#9 C:\xampp\htdocs\cafein\index.php(37): CodeIgniter\CodeIgniter->run()
#10 {main}
CRITICAL - 2023-11-10 00:49:49 --> Unsupported operand types: null + string
#0 [internal function]: CodeIgniter\Debug\Toolbar::CodeIgniter\Debug\{closure}(Array, 0)
#1 C:\xampp\htdocs\cafein\system\Debug\Toolbar.php(270): array_walk(Array, Object(Closure))
#2 C:\xampp\htdocs\cafein\system\Debug\Toolbar.php(170): CodeIgniter\Debug\Toolbar->collectTimelineData(Array)
#3 C:\xampp\htdocs\cafein\system\Debug\Toolbar\Views\toolbar.tpl.php(96): CodeIgniter\Debug\Toolbar->renderTimeline(Array, 1699598988.9164, 5, 10, Array)
#4 C:\xampp\htdocs\cafein\system\Debug\Toolbar.php(497): include('C:\\xampp\\htdocs...')
#5 C:\xampp\htdocs\cafein\system\Debug\Toolbar.php(460): CodeIgniter\Debug\Toolbar->format(Array, 'html')
#6 C:\xampp\htdocs\cafein\app\Config\Events.php(48): CodeIgniter\Debug\Toolbar->respond()
#7 C:\xampp\htdocs\cafein\system\Events\Events.php(149): CodeIgniter\Events\Events::Config\{closure}()
#8 C:\xampp\htdocs\cafein\system\CodeIgniter.php(300): CodeIgniter\Events\Events::trigger('pre_system')
#9 C:\xampp\htdocs\cafein\index.php(37): CodeIgniter\CodeIgniter->run()
#10 {main}
CRITICAL - 2023-11-10 00:50:37 --> Unsupported operand types: null + string
#0 [internal function]: CodeIgniter\Debug\Toolbar::CodeIgniter\Debug\{closure}(Array, 0)
#1 C:\xampp\htdocs\cafein\system\Debug\Toolbar.php(270): array_walk(Array, Object(Closure))
#2 C:\xampp\htdocs\cafein\system\Debug\Toolbar.php(170): CodeIgniter\Debug\Toolbar->collectTimelineData(Array)
#3 C:\xampp\htdocs\cafein\system\Debug\Toolbar\Views\toolbar.tpl.php(96): CodeIgniter\Debug\Toolbar->renderTimeline(Array, 1699599037.778, 5, 10, Array)
#4 C:\xampp\htdocs\cafein\system\Debug\Toolbar.php(497): include('C:\\xampp\\htdocs...')
#5 C:\xampp\htdocs\cafein\system\Debug\Toolbar.php(460): CodeIgniter\Debug\Toolbar->format(Array, 'html')
#6 C:\xampp\htdocs\cafein\app\Config\Events.php(48): CodeIgniter\Debug\Toolbar->respond()
#7 C:\xampp\htdocs\cafein\system\Events\Events.php(149): CodeIgniter\Events\Events::Config\{closure}()
#8 C:\xampp\htdocs\cafein\system\CodeIgniter.php(300): CodeIgniter\Events\Events::trigger('pre_system')
#9 C:\xampp\htdocs\cafein\index.php(37): CodeIgniter\CodeIgniter->run()
#10 {main}
CRITICAL - 2023-11-10 00:51:57 --> Unsupported operand types: null + string
#0 [internal function]: CodeIgniter\Debug\Toolbar::CodeIgniter\Debug\{closure}(Array, 0)
#1 C:\xampp\htdocs\cafein\system\Debug\Toolbar.php(270): array_walk(Array, Object(Closure))
#2 C:\xampp\htdocs\cafein\system\Debug\Toolbar.php(170): CodeIgniter\Debug\Toolbar->collectTimelineData(Array)
#3 C:\xampp\htdocs\cafein\system\Debug\Toolbar\Views\toolbar.tpl.php(96): CodeIgniter\Debug\Toolbar->renderTimeline(Array, 1699599116.9536, 5, 10, Array)
#4 C:\xampp\htdocs\cafein\system\Debug\Toolbar.php(497): include('C:\\xampp\\htdocs...')
#5 C:\xampp\htdocs\cafein\system\Debug\Toolbar.php(460): CodeIgniter\Debug\Toolbar->format(Array, 'html')
#6 C:\xampp\htdocs\cafein\app\Config\Events.php(48): CodeIgniter\Debug\Toolbar->respond()
#7 C:\xampp\htdocs\cafein\system\Events\Events.php(149): CodeIgniter\Events\Events::Config\{closure}()
#8 C:\xampp\htdocs\cafein\system\CodeIgniter.php(300): CodeIgniter\Events\Events::trigger('pre_system')
#9 C:\xampp\htdocs\cafein\index.php(37): CodeIgniter\CodeIgniter->run()
#10 {main}
CRITICAL - 2023-11-10 00:52:19 --> Unsupported operand types: null + string
#0 [internal function]: CodeIgniter\Debug\Toolbar::CodeIgniter\Debug\{closure}(Array, 0)
#1 C:\xampp\htdocs\cafein\system\Debug\Toolbar.php(270): array_walk(Array, Object(Closure))
#2 C:\xampp\htdocs\cafein\system\Debug\Toolbar.php(170): CodeIgniter\Debug\Toolbar->collectTimelineData(Array)
#3 C:\xampp\htdocs\cafein\system\Debug\Toolbar\Views\toolbar.tpl.php(96): CodeIgniter\Debug\Toolbar->renderTimeline(Array, 1699599138.9485, 5, 10, Array)
#4 C:\xampp\htdocs\cafein\system\Debug\Toolbar.php(497): include('C:\\xampp\\htdocs...')
#5 C:\xampp\htdocs\cafein\system\Debug\Toolbar.php(460): CodeIgniter\Debug\Toolbar->format(Array, 'html')
#6 C:\xampp\htdocs\cafein\app\Config\Events.php(48): CodeIgniter\Debug\Toolbar->respond()
#7 C:\xampp\htdocs\cafein\system\Events\Events.php(149): CodeIgniter\Events\Events::Config\{closure}()
#8 C:\xampp\htdocs\cafein\system\CodeIgniter.php(300): CodeIgniter\Events\Events::trigger('pre_system')
#9 C:\xampp\htdocs\cafein\index.php(37): CodeIgniter\CodeIgniter->run()
#10 {main}
CRITICAL - 2023-11-10 00:52:23 --> Unsupported operand types: null + string
#0 [internal function]: CodeIgniter\Debug\Toolbar::CodeIgniter\Debug\{closure}(Array, 0)
#1 C:\xampp\htdocs\cafein\system\Debug\Toolbar.php(270): array_walk(Array, Object(Closure))
#2 C:\xampp\htdocs\cafein\system\Debug\Toolbar.php(170): CodeIgniter\Debug\Toolbar->collectTimelineData(Array)
#3 C:\xampp\htdocs\cafein\system\Debug\Toolbar\Views\toolbar.tpl.php(96): CodeIgniter\Debug\Toolbar->renderTimeline(Array, 1699599143.5098, 5, 10, Array)
#4 C:\xampp\htdocs\cafein\system\Debug\Toolbar.php(497): include('C:\\xampp\\htdocs...')
#5 C:\xampp\htdocs\cafein\system\Debug\Toolbar.php(460): CodeIgniter\Debug\Toolbar->format(Array, 'html')
#6 C:\xampp\htdocs\cafein\app\Config\Events.php(48): CodeIgniter\Debug\Toolbar->respond()
#7 C:\xampp\htdocs\cafein\system\Events\Events.php(149): CodeIgniter\Events\Events::Config\{closure}()
#8 C:\xampp\htdocs\cafein\system\CodeIgniter.php(300): CodeIgniter\Events\Events::trigger('pre_system')
#9 C:\xampp\htdocs\cafein\index.php(37): CodeIgniter\CodeIgniter->run()
#10 {main}
CRITICAL - 2023-11-10 00:54:42 --> Unsupported operand types: null + string
#0 [internal function]: CodeIgniter\Debug\Toolbar::CodeIgniter\Debug\{closure}(Array, 0)
#1 C:\xampp\htdocs\cafein\system\Debug\Toolbar.php(270): array_walk(Array, Object(Closure))
#2 C:\xampp\htdocs\cafein\system\Debug\Toolbar.php(170): CodeIgniter\Debug\Toolbar->collectTimelineData(Array)
#3 C:\xampp\htdocs\cafein\system\Debug\Toolbar\Views\toolbar.tpl.php(96): CodeIgniter\Debug\Toolbar->renderTimeline(Array, 1699599282.5183, 5, 10, Array)
#4 C:\xampp\htdocs\cafein\system\Debug\Toolbar.php(497): include('C:\\xampp\\htdocs...')
#5 C:\xampp\htdocs\cafein\system\Debug\Toolbar.php(460): CodeIgniter\Debug\Toolbar->format(Array, 'html')
#6 C:\xampp\htdocs\cafein\app\Config\Events.php(48): CodeIgniter\Debug\Toolbar->respond()
#7 C:\xampp\htdocs\cafein\system\Events\Events.php(149): CodeIgniter\Events\Events::Config\{closure}()
#8 C:\xampp\htdocs\cafein\system\CodeIgniter.php(300): CodeIgniter\Events\Events::trigger('pre_system')
#9 C:\xampp\htdocs\cafein\index.php(37): CodeIgniter\CodeIgniter->run()
#10 {main}
CRITICAL - 2023-11-10 00:56:00 --> Unsupported operand types: null + string
#0 [internal function]: CodeIgniter\Debug\Toolbar::CodeIgniter\Debug\{closure}(Array, 0)
#1 C:\xampp\htdocs\cafein\system\Debug\Toolbar.php(270): array_walk(Array, Object(Closure))
#2 C:\xampp\htdocs\cafein\system\Debug\Toolbar.php(170): CodeIgniter\Debug\Toolbar->collectTimelineData(Array)
#3 C:\xampp\htdocs\cafein\system\Debug\Toolbar\Views\toolbar.tpl.php(96): CodeIgniter\Debug\Toolbar->renderTimeline(Array, 1699599360.51, 5, 10, Array)
#4 C:\xampp\htdocs\cafein\system\Debug\Toolbar.php(497): include('C:\\xampp\\htdocs...')
#5 C:\xampp\htdocs\cafein\system\Debug\Toolbar.php(460): CodeIgniter\Debug\Toolbar->format(Array, 'html')
#6 C:\xampp\htdocs\cafein\app\Config\Events.php(48): CodeIgniter\Debug\Toolbar->respond()
#7 C:\xampp\htdocs\cafein\system\Events\Events.php(149): CodeIgniter\Events\Events::Config\{closure}()
#8 C:\xampp\htdocs\cafein\system\CodeIgniter.php(300): CodeIgniter\Events\Events::trigger('pre_system')
#9 C:\xampp\htdocs\cafein\index.php(37): CodeIgniter\CodeIgniter->run()
#10 {main}
CRITICAL - 2023-11-10 00:56:36 --> Unsupported operand types: null + string
#0 [internal function]: CodeIgniter\Debug\Toolbar::CodeIgniter\Debug\{closure}(Array, 0)
#1 C:\xampp\htdocs\cafein\system\Debug\Toolbar.php(270): array_walk(Array, Object(Closure))
#2 C:\xampp\htdocs\cafein\system\Debug\Toolbar.php(170): CodeIgniter\Debug\Toolbar->collectTimelineData(Array)
#3 C:\xampp\htdocs\cafein\system\Debug\Toolbar\Views\toolbar.tpl.php(96): CodeIgniter\Debug\Toolbar->renderTimeline(Array, 1699599395.9128, 5, 10, Array)
#4 C:\xampp\htdocs\cafein\system\Debug\Toolbar.php(497): include('C:\\xampp\\htdocs...')
#5 C:\xampp\htdocs\cafein\system\Debug\Toolbar.php(460): CodeIgniter\Debug\Toolbar->format(Array, 'html')
#6 C:\xampp\htdocs\cafein\app\Config\Events.php(48): CodeIgniter\Debug\Toolbar->respond()
#7 C:\xampp\htdocs\cafein\system\Events\Events.php(149): CodeIgniter\Events\Events::Config\{closure}()
#8 C:\xampp\htdocs\cafein\system\CodeIgniter.php(300): CodeIgniter\Events\Events::trigger('pre_system')
#9 C:\xampp\htdocs\cafein\index.php(37): CodeIgniter\CodeIgniter->run()
#10 {main}
CRITICAL - 2023-11-10 00:56:43 --> Unsupported operand types: null + string
#0 [internal function]: CodeIgniter\Debug\Toolbar::CodeIgniter\Debug\{closure}(Array, 0)
#1 C:\xampp\htdocs\cafein\system\Debug\Toolbar.php(270): array_walk(Array, Object(Closure))
#2 C:\xampp\htdocs\cafein\system\Debug\Toolbar.php(170): CodeIgniter\Debug\Toolbar->collectTimelineData(Array)
#3 C:\xampp\htdocs\cafein\system\Debug\Toolbar\Views\toolbar.tpl.php(96): CodeIgniter\Debug\Toolbar->renderTimeline(Array, 1699599403.5816, 5, 10, Array)
#4 C:\xampp\htdocs\cafein\system\Debug\Toolbar.php(497): include('C:\\xampp\\htdocs...')
#5 C:\xampp\htdocs\cafein\system\Debug\Toolbar.php(460): CodeIgniter\Debug\Toolbar->format(Array, 'html')
#6 C:\xampp\htdocs\cafein\app\Config\Events.php(48): CodeIgniter\Debug\Toolbar->respond()
#7 C:\xampp\htdocs\cafein\system\Events\Events.php(149): CodeIgniter\Events\Events::Config\{closure}()
#8 C:\xampp\htdocs\cafein\system\CodeIgniter.php(300): CodeIgniter\Events\Events::trigger('pre_system')
#9 C:\xampp\htdocs\cafein\index.php(37): CodeIgniter\CodeIgniter->run()
#10 {main}
CRITICAL - 2023-11-10 00:56:46 --> Unsupported operand types: null + string
#0 [internal function]: CodeIgniter\Debug\Toolbar::CodeIgniter\Debug\{closure}(Array, 0)
#1 C:\xampp\htdocs\cafein\system\Debug\Toolbar.php(270): array_walk(Array, Object(Closure))
#2 C:\xampp\htdocs\cafein\system\Debug\Toolbar.php(170): CodeIgniter\Debug\Toolbar->collectTimelineData(Array)
#3 C:\xampp\htdocs\cafein\system\Debug\Toolbar\Views\toolbar.tpl.php(96): CodeIgniter\Debug\Toolbar->renderTimeline(Array, 1699599405.8494, 5, 10, Array)
#4 C:\xampp\htdocs\cafein\system\Debug\Toolbar.php(497): include('C:\\xampp\\htdocs...')
#5 C:\xampp\htdocs\cafein\system\Debug\Toolbar.php(460): CodeIgniter\Debug\Toolbar->format(Array, 'html')
#6 C:\xampp\htdocs\cafein\app\Config\Events.php(48): CodeIgniter\Debug\Toolbar->respond()
#7 C:\xampp\htdocs\cafein\system\Events\Events.php(149): CodeIgniter\Events\Events::Config\{closure}()
#8 C:\xampp\htdocs\cafein\system\CodeIgniter.php(300): CodeIgniter\Events\Events::trigger('pre_system')
#9 C:\xampp\htdocs\cafein\index.php(37): CodeIgniter\CodeIgniter->run()
#10 {main}
CRITICAL - 2023-11-10 00:56:47 --> Unsupported operand types: null + string
#0 [internal function]: CodeIgniter\Debug\Toolbar::CodeIgniter\Debug\{closure}(Array, 0)
#1 C:\xampp\htdocs\cafein\system\Debug\Toolbar.php(270): array_walk(Array, Object(Closure))
#2 C:\xampp\htdocs\cafein\system\Debug\Toolbar.php(170): CodeIgniter\Debug\Toolbar->collectTimelineData(Array)
#3 C:\xampp\htdocs\cafein\system\Debug\Toolbar\Views\toolbar.tpl.php(96): CodeIgniter\Debug\Toolbar->renderTimeline(Array, 1699599407.0762, 6, 10, Array)
#4 C:\xampp\htdocs\cafein\system\Debug\Toolbar.php(497): include('C:\\xampp\\htdocs...')
#5 C:\xampp\htdocs\cafein\system\Debug\Toolbar.php(460): CodeIgniter\Debug\Toolbar->format(Array, 'html')
#6 C:\xampp\htdocs\cafein\app\Config\Events.php(48): CodeIgniter\Debug\Toolbar->respond()
#7 C:\xampp\htdocs\cafein\system\Events\Events.php(149): CodeIgniter\Events\Events::Config\{closure}()
#8 C:\xampp\htdocs\cafein\system\CodeIgniter.php(300): CodeIgniter\Events\Events::trigger('pre_system')
#9 C:\xampp\htdocs\cafein\index.php(37): CodeIgniter\CodeIgniter->run()
#10 {main}
CRITICAL - 2023-11-10 01:01:21 --> Unsupported operand types: null + string
#0 [internal function]: CodeIgniter\Debug\Toolbar::CodeIgniter\Debug\{closure}(Array, 0)
#1 C:\xampp\htdocs\cafein\system\Debug\Toolbar.php(270): array_walk(Array, Object(Closure))
#2 C:\xampp\htdocs\cafein\system\Debug\Toolbar.php(170): CodeIgniter\Debug\Toolbar->collectTimelineData(Array)
#3 C:\xampp\htdocs\cafein\system\Debug\Toolbar\Views\toolbar.tpl.php(96): CodeIgniter\Debug\Toolbar->renderTimeline(Array, 1699599681.2454, 5, 10, Array)
#4 C:\xampp\htdocs\cafein\system\Debug\Toolbar.php(497): include('C:\\xampp\\htdocs...')
#5 C:\xampp\htdocs\cafein\system\Debug\Toolbar.php(460): CodeIgniter\Debug\Toolbar->format(Array, 'html')
#6 C:\xampp\htdocs\cafein\app\Config\Events.php(48): CodeIgniter\Debug\Toolbar->respond()
#7 C:\xampp\htdocs\cafein\system\Events\Events.php(149): CodeIgniter\Events\Events::Config\{closure}()
#8 C:\xampp\htdocs\cafein\system\CodeIgniter.php(300): CodeIgniter\Events\Events::trigger('pre_system')
#9 C:\xampp\htdocs\cafein\index.php(37): CodeIgniter\CodeIgniter->run()
#10 {main}
CRITICAL - 2023-11-10 01:01:24 --> Unsupported operand types: null + string
#0 [internal function]: CodeIgniter\Debug\Toolbar::CodeIgniter\Debug\{closure}(Array, 0)
#1 C:\xampp\htdocs\cafein\system\Debug\Toolbar.php(270): array_walk(Array, Object(Closure))
#2 C:\xampp\htdocs\cafein\system\Debug\Toolbar.php(170): CodeIgniter\Debug\Toolbar->collectTimelineData(Array)
#3 C:\xampp\htdocs\cafein\system\Debug\Toolbar\Views\toolbar.tpl.php(96): CodeIgniter\Debug\Toolbar->renderTimeline(Array, 1699599684.3225, 5, 10, Array)
#4 C:\xampp\htdocs\cafein\system\Debug\Toolbar.php(497): include('C:\\xampp\\htdocs...')
#5 C:\xampp\htdocs\cafein\system\Debug\Toolbar.php(460): CodeIgniter\Debug\Toolbar->format(Array, 'html')
#6 C:\xampp\htdocs\cafein\app\Config\Events.php(48): CodeIgniter\Debug\Toolbar->respond()
#7 C:\xampp\htdocs\cafein\system\Events\Events.php(149): CodeIgniter\Events\Events::Config\{closure}()
#8 C:\xampp\htdocs\cafein\system\CodeIgniter.php(300): CodeIgniter\Events\Events::trigger('pre_system')
#9 C:\xampp\htdocs\cafein\index.php(37): CodeIgniter\CodeIgniter->run()
#10 {main}
CRITICAL - 2023-11-10 01:01:42 --> Unsupported operand types: null + string
#0 [internal function]: CodeIgniter\Debug\Toolbar::CodeIgniter\Debug\{closure}(Array, 0)
#1 C:\xampp\htdocs\cafein\system\Debug\Toolbar.php(270): array_walk(Array, Object(Closure))
#2 C:\xampp\htdocs\cafein\system\Debug\Toolbar.php(170): CodeIgniter\Debug\Toolbar->collectTimelineData(Array)
#3 C:\xampp\htdocs\cafein\system\Debug\Toolbar\Views\toolbar.tpl.php(96): CodeIgniter\Debug\Toolbar->renderTimeline(Array, 1699599702.7601, 6, 10, Array)
#4 C:\xampp\htdocs\cafein\system\Debug\Toolbar.php(497): include('C:\\xampp\\htdocs...')
#5 C:\xampp\htdocs\cafein\system\Debug\Toolbar.php(460): CodeIgniter\Debug\Toolbar->format(Array, 'html')
#6 C:\xampp\htdocs\cafein\app\Config\Events.php(48): CodeIgniter\Debug\Toolbar->respond()
#7 C:\xampp\htdocs\cafein\system\Events\Events.php(149): CodeIgniter\Events\Events::Config\{closure}()
#8 C:\xampp\htdocs\cafein\system\CodeIgniter.php(300): CodeIgniter\Events\Events::trigger('pre_system')
#9 C:\xampp\htdocs\cafein\index.php(37): CodeIgniter\CodeIgniter->run()
#10 {main}
CRITICAL - 2023-11-10 01:02:30 --> Unsupported operand types: null + string
#0 [internal function]: CodeIgniter\Debug\Toolbar::CodeIgniter\Debug\{closure}(Array, 0)
#1 C:\xampp\htdocs\cafein\system\Debug\Toolbar.php(270): array_walk(Array, Object(Closure))
#2 C:\xampp\htdocs\cafein\system\Debug\Toolbar.php(170): CodeIgniter\Debug\Toolbar->collectTimelineData(Array)
#3 C:\xampp\htdocs\cafein\system\Debug\Toolbar\Views\toolbar.tpl.php(96): CodeIgniter\Debug\Toolbar->renderTimeline(Array, 1699599750.7057, 5, 10, Array)
#4 C:\xampp\htdocs\cafein\system\Debug\Toolbar.php(497): include('C:\\xampp\\htdocs...')
#5 C:\xampp\htdocs\cafein\system\Debug\Toolbar.php(460): CodeIgniter\Debug\Toolbar->format(Array, 'html')
#6 C:\xampp\htdocs\cafein\app\Config\Events.php(48): CodeIgniter\Debug\Toolbar->respond()
#7 C:\xampp\htdocs\cafein\system\Events\Events.php(149): CodeIgniter\Events\Events::Config\{closure}()
#8 C:\xampp\htdocs\cafein\system\CodeIgniter.php(300): CodeIgniter\Events\Events::trigger('pre_system')
#9 C:\xampp\htdocs\cafein\index.php(37): CodeIgniter\CodeIgniter->run()
#10 {main}
CRITICAL - 2023-11-10 01:02:37 --> Unsupported operand types: null + string
#0 [internal function]: CodeIgniter\Debug\Toolbar::CodeIgniter\Debug\{closure}(Array, 0)
#1 C:\xampp\htdocs\cafein\system\Debug\Toolbar.php(270): array_walk(Array, Object(Closure))
#2 C:\xampp\htdocs\cafein\system\Debug\Toolbar.php(170): CodeIgniter\Debug\Toolbar->collectTimelineData(Array)
#3 C:\xampp\htdocs\cafein\system\Debug\Toolbar\Views\toolbar.tpl.php(96): CodeIgniter\Debug\Toolbar->renderTimeline(Array, 1699599757.018, 5, 10, Array)
#4 C:\xampp\htdocs\cafein\system\Debug\Toolbar.php(497): include('C:\\xampp\\htdocs...')
#5 C:\xampp\htdocs\cafein\system\Debug\Toolbar.php(460): CodeIgniter\Debug\Toolbar->format(Array, 'html')
#6 C:\xampp\htdocs\cafein\app\Config\Events.php(48): CodeIgniter\Debug\Toolbar->respond()
#7 C:\xampp\htdocs\cafein\system\Events\Events.php(149): CodeIgniter\Events\Events::Config\{closure}()
#8 C:\xampp\htdocs\cafein\system\CodeIgniter.php(300): CodeIgniter\Events\Events::trigger('pre_system')
#9 C:\xampp\htdocs\cafein\index.php(37): CodeIgniter\CodeIgniter->run()
#10 {main}
